Tila 14 ristiriidat: 1 siirto/supistaminen
Tila 17 ristiriidat: 1 siirto/supistaminen


Kielioppi

    0 $accept: arg $end

    1 arg: optseq endopt data arch nnfile lmethod

    2 optseq: %empty
    3       | option optseq

    4 anystring: STRING
    5          | ARCHSTRING
    6          | FILENAME
    7          | NUMBER

    8 option: OPT_NOINIT
    9       | OPT_HELP
   10       | OPT_VERBOSE
   11       | OPT_VERSION
   12       | OPT_TIME NUMBER
   13       | OPT_SAMPLES NUMBER

   14 endopt: %empty
   15       | OPT_ENDOPT

   16 data: %empty
   17     | FILENAME

   18 arch: %empty
   19     | ARCHSTRING

   20 nnfile: anystring

   21 lmethod: %empty
   22        | mbasic mmodseq

   23 mbasic: LM_USE
   24       | LM_GRAD
   25       | LM_GRAD_OT
   26       | LM_PARALLELGRAD
   27       | LM_RANDOM
   28       | LM_BAYES

   29 mmodseq: %empty
   30        | mmod mmodseq

   31 mmod: MMOD_OVERTRAIN
   32     | MMOD_PCA
   33     | MMOD_ICA


Päätteet, säännöillä missä niin tarvitaan

$end (0) 0
error (256)
NUMBER (258) 7 12 13
STRING (259) 4
FILENAME (260) 6 17
ARCHSTRING (261) 5 19
OPT_NOINIT (262) 8
OPT_HELP (263) 9
OPT_VERBOSE (264) 10
OPT_VERSION (265) 11
OPT_TIME (266) 12
OPT_SAMPLES (267) 13
OPT_ENDOPT (268) 15
LM_USE (269) 23
LM_PARALLELGRAD (270) 26
LM_GRAD (271) 24
LM_GRAD_OT (272) 25
LM_RANDOM (273) 27
LM_BAYES (274) 28
MMOD_OVERTRAIN (275) 31
MMOD_PCA (276) 32
MMOD_ICA (277) 33


Ei-päätteet, säännöillä missä niitä tarvitaan

$accept (23)
    vasemmalla: 0
arg (24)
    vasemmalla: 1, oikealla: 0
optseq (25)
    vasemmalla: 2 3, oikealla: 1 3
anystring (26)
    vasemmalla: 4 5 6 7, oikealla: 20
option (27)
    vasemmalla: 8 9 10 11 12 13, oikealla: 3
endopt (28)
    vasemmalla: 14 15, oikealla: 1
data (29)
    vasemmalla: 16 17, oikealla: 1
arch (30)
    vasemmalla: 18 19, oikealla: 1
nnfile (31)
    vasemmalla: 20, oikealla: 1
lmethod (32)
    vasemmalla: 21 22, oikealla: 1
mbasic (33)
    vasemmalla: 23 24 25 26 27 28, oikealla: 22
mmodseq (34)
    vasemmalla: 29 30, oikealla: 22 30
mmod (35)
    vasemmalla: 31 32 33, oikealla: 30


Tila 0

    0 $accept: . arg $end

    OPT_NOINIT   siirto, ja siirry tilaan 1
    OPT_HELP     siirto, ja siirry tilaan 2
    OPT_VERBOSE  siirto, ja siirry tilaan 3
    OPT_VERSION  siirto, ja siirry tilaan 4
    OPT_TIME     siirto, ja siirry tilaan 5
    OPT_SAMPLES  siirto, ja siirry tilaan 6

    $default  supistaminen käyttäen sääntöä 2 (optseq)

    arg     siirry tilaan 7
    optseq  siirry tilaan 8
    option  siirry tilaan 9


Tila 1

    8 option: OPT_NOINIT .

    $default  supistaminen käyttäen sääntöä 8 (option)


Tila 2

    9 option: OPT_HELP .

    $default  supistaminen käyttäen sääntöä 9 (option)


Tila 3

   10 option: OPT_VERBOSE .

    $default  supistaminen käyttäen sääntöä 10 (option)


Tila 4

   11 option: OPT_VERSION .

    $default  supistaminen käyttäen sääntöä 11 (option)


Tila 5

   12 option: OPT_TIME . NUMBER

    NUMBER  siirto, ja siirry tilaan 10


Tila 6

   13 option: OPT_SAMPLES . NUMBER

    NUMBER  siirto, ja siirry tilaan 11


Tila 7

    0 $accept: arg . $end

    $end  siirto, ja siirry tilaan 12


Tila 8

    1 arg: optseq . endopt data arch nnfile lmethod

    OPT_ENDOPT  siirto, ja siirry tilaan 13

    $default  supistaminen käyttäen sääntöä 14 (endopt)

    endopt  siirry tilaan 14


Tila 9

    3 optseq: option . optseq

    OPT_NOINIT   siirto, ja siirry tilaan 1
    OPT_HELP     siirto, ja siirry tilaan 2
    OPT_VERBOSE  siirto, ja siirry tilaan 3
    OPT_VERSION  siirto, ja siirry tilaan 4
    OPT_TIME     siirto, ja siirry tilaan 5
    OPT_SAMPLES  siirto, ja siirry tilaan 6

    $default  supistaminen käyttäen sääntöä 2 (optseq)

    optseq  siirry tilaan 15
    option  siirry tilaan 9


Tila 10

   12 option: OPT_TIME NUMBER .

    $default  supistaminen käyttäen sääntöä 12 (option)


Tila 11

   13 option: OPT_SAMPLES NUMBER .

    $default  supistaminen käyttäen sääntöä 13 (option)


Tila 12

    0 $accept: arg $end .

    $default  accept


Tila 13

   15 endopt: OPT_ENDOPT .

    $default  supistaminen käyttäen sääntöä 15 (endopt)


Tila 14

    1 arg: optseq endopt . data arch nnfile lmethod

    FILENAME  siirto, ja siirry tilaan 16

    FILENAME  [supistaminen käyttäen sääntöä 16 (data)]
    $default  supistaminen käyttäen sääntöä 16 (data)

    data  siirry tilaan 17


Tila 15

    3 optseq: option optseq .

    $default  supistaminen käyttäen sääntöä 3 (optseq)


Tila 16

   17 data: FILENAME .

    $default  supistaminen käyttäen sääntöä 17 (data)


Tila 17

    1 arg: optseq endopt data . arch nnfile lmethod

    ARCHSTRING  siirto, ja siirry tilaan 18

    ARCHSTRING  [supistaminen käyttäen sääntöä 18 (arch)]
    $default    supistaminen käyttäen sääntöä 18 (arch)

    arch  siirry tilaan 19


Tila 18

   19 arch: ARCHSTRING .

    $default  supistaminen käyttäen sääntöä 19 (arch)


Tila 19

    1 arg: optseq endopt data arch . nnfile lmethod

    NUMBER      siirto, ja siirry tilaan 20
    STRING      siirto, ja siirry tilaan 21
    FILENAME    siirto, ja siirry tilaan 22
    ARCHSTRING  siirto, ja siirry tilaan 23

    anystring  siirry tilaan 24
    nnfile     siirry tilaan 25


Tila 20

    7 anystring: NUMBER .

    $default  supistaminen käyttäen sääntöä 7 (anystring)


Tila 21

    4 anystring: STRING .

    $default  supistaminen käyttäen sääntöä 4 (anystring)


Tila 22

    6 anystring: FILENAME .

    $default  supistaminen käyttäen sääntöä 6 (anystring)


Tila 23

    5 anystring: ARCHSTRING .

    $default  supistaminen käyttäen sääntöä 5 (anystring)


Tila 24

   20 nnfile: anystring .

    $default  supistaminen käyttäen sääntöä 20 (nnfile)


Tila 25

    1 arg: optseq endopt data arch nnfile . lmethod

    LM_USE           siirto, ja siirry tilaan 26
    LM_PARALLELGRAD  siirto, ja siirry tilaan 27
    LM_GRAD          siirto, ja siirry tilaan 28
    LM_GRAD_OT       siirto, ja siirry tilaan 29
    LM_RANDOM        siirto, ja siirry tilaan 30
    LM_BAYES         siirto, ja siirry tilaan 31

    $default  supistaminen käyttäen sääntöä 21 (lmethod)

    lmethod  siirry tilaan 32
    mbasic   siirry tilaan 33


Tila 26

   23 mbasic: LM_USE .

    $default  supistaminen käyttäen sääntöä 23 (mbasic)


Tila 27

   26 mbasic: LM_PARALLELGRAD .

    $default  supistaminen käyttäen sääntöä 26 (mbasic)


Tila 28

   24 mbasic: LM_GRAD .

    $default  supistaminen käyttäen sääntöä 24 (mbasic)


Tila 29

   25 mbasic: LM_GRAD_OT .

    $default  supistaminen käyttäen sääntöä 25 (mbasic)


Tila 30

   27 mbasic: LM_RANDOM .

    $default  supistaminen käyttäen sääntöä 27 (mbasic)


Tila 31

   28 mbasic: LM_BAYES .

    $default  supistaminen käyttäen sääntöä 28 (mbasic)


Tila 32

    1 arg: optseq endopt data arch nnfile lmethod .

    $default  supistaminen käyttäen sääntöä 1 (arg)


Tila 33

   22 lmethod: mbasic . mmodseq

    MMOD_OVERTRAIN  siirto, ja siirry tilaan 34
    MMOD_PCA        siirto, ja siirry tilaan 35
    MMOD_ICA        siirto, ja siirry tilaan 36

    $default  supistaminen käyttäen sääntöä 29 (mmodseq)

    mmodseq  siirry tilaan 37
    mmod     siirry tilaan 38


Tila 34

   31 mmod: MMOD_OVERTRAIN .

    $default  supistaminen käyttäen sääntöä 31 (mmod)


Tila 35

   32 mmod: MMOD_PCA .

    $default  supistaminen käyttäen sääntöä 32 (mmod)


Tila 36

   33 mmod: MMOD_ICA .

    $default  supistaminen käyttäen sääntöä 33 (mmod)


Tila 37

   22 lmethod: mbasic mmodseq .

    $default  supistaminen käyttäen sääntöä 22 (lmethod)


Tila 38

   30 mmodseq: mmod . mmodseq

    MMOD_OVERTRAIN  siirto, ja siirry tilaan 34
    MMOD_PCA        siirto, ja siirry tilaan 35
    MMOD_ICA        siirto, ja siirry tilaan 36

    $default  supistaminen käyttäen sääntöä 29 (mmodseq)

    mmodseq  siirry tilaan 39
    mmod     siirry tilaan 38


Tila 39

   30 mmodseq: mmod mmodseq .

    $default  supistaminen käyttäen sääntöä 30 (mmodseq)
