2 16.41 41.02 1394.59 
1 4.25 127.56 1955.95 
22 60.87 218.59 6167.51 
-1 -1 306.64 -1 
5 40.05 -1 9988.79 
134 88.72 442.95 6867.42 
17 57.5 226.63 1890.88 
9 14.77 439.73 4909.26 
8 10.03 115.31 4747.58 
18 16.68 1544.24 8903.93 
6 18.67 722.02 7599.9 
20 74.03 2605.96 8839.53 
9 19.63 798.39 5508.05 
46 78.36 1476.93 7371 
1 7.31 -1 2720.49 
7 20.66 -1 5933.23 
7 15.36 89.94 3130.42 
73 40.7 374.07 4246.34 
4 26.47 112.5 3540.47 
97 33.18 772.77 6171.23 
62 102.13 -1 3131.33 
4443 60.7 2097.71 6164.95 
5 32.24 644.75 5338.49 
4 32.27 145.2 5461 
2 11.1 560.71 5618.16 
6 19.45 204.23 4869.19 
1 6.69 347.97 3693.79 
31 33.29 894.51 7091.62 
8 58.29 1143.9 9143.9 
0 0 724.95 4421.48 
1 8.7 1487.34 4722.97 
80 52.38 689.42 5948.83 
-1 -1 49.93 -1 
0 0 16.72 919.73 
0 0 649.83 5764.78 
13 93.97 346.97 5255.17 
10 61.28 1770.94 11428.4 
15 60.58 609.81 4458.44 
57 128.09 559.55 10379.78 
0 0 205.56 2810.46 
-1 -1 512.19 -1 
19 68.09 734.61 4672.83 
60 86.12 -1 6269.29 
26 46.87 919.33 5227.58 
9 56.33 682.23 7554.61 
14 20.45 131.47 2543.13 
3 12.48 794.41 5939.36 
8 59.08 420.91 5095.26 
13 20.18 -1 4869.53 
1 6.05 -1 3207.26 
1 4.65 92.91 3121.66 
14 42.05 1087.25 7394.5 
0 0 237.45 1948.46 
3 8.63 212.87 6403.36 
357 110.19 984.96 7910.25 
2282 149.17 1279.6 5253.14 
0 0 256.34 2556.39 
0 0 142.7 4091.83 
50 74.45 753.42 4630.73 
5 21.91 122.69 2721.06 
3 10.07 1849.3 6474.24 
93 80.33 566.64 -1 
4 15.77 -1 3012.5 
4 29.66 51.91 3374.37 
26 68.59 94.97 3498.22 
14 62.2 422.05 4567.06 
13 32.86 452.4 3389.19 
9 85.21 407.12 3739.82 
173 100.6 1693.42 6179.34 
1 7.46 462.24 5956.91 
-1 -1 -1 -1 
2 9.21 115.14 2160.1 
1 3.42 78.65 3553.11 
1 7.88 985.03 4767.53 
5 5.73 131.68 3715.75 
3 5.54 -1 2395.42 
9 38.75 -1 3577.58 
7 45.9 1134.5 5292.15 
162 36 969.6 9943.53 
7 29.31 251.24 3668.03 
5 40.97 934.12 5735.82 
9 43.06 377.97 4550.02 
3 26.96 889.65 2039.9 
3 17.23 40.21 1654.22 
7 38.56 -1 8642.72 
16 43.09 465.96 5063.56 
0 0 150.04 2338.92 
2 16.52 49.56 1032.55 
0 0 1812.62 3277.2 
2 11.23 129.13 2094.09 
604 131.7 1841.38 9577.37 
6 18.64 301.31 4038.14 
54 38.87 620.53 5352.95 
0 0 190.84 3302.11 
2 2.94 726.59 4174.62 
3 22.37 74.56 3183.72 
6 45.63 -1 1961.98 
0 0 339.96 3739.59 
14 27.78 121.02 5247.7 
134 112.04 2127.02 10988.76 
2 18.19 809.39 6620.59 
1 4.02 -1 6324.43 
1 4.86 199.2 2992.91 
1 9.43 1527.29 5317.24 
3 9.13 85.17 2570.42 
16 24.67 727.83 4976.1 
16 74.86 781.32 7265.84 
7 39.54 367.13 3885.91 
10 17.64 155.25 5691.4 
14 109.48 1634.34 24116.36 
2 7.61 251.23 2561.76 
16 45.92 367.33 5934.68 
1 5.66 560.56 4218.33 
30 22.1 1981.45 12349.83 
1 8.39 83.89 5041.52 
3 19.93 39.87 6199.75 
2 19.08 -1 3673.66 
0 0 60.9 2243.88 
2 10.83 70.4 1348.5 
10 46.64 242.54 6436.57 
47 109.27 574.24 4296.38 
8 24.54 288.37 3647.57 
6 8.49 1497.92 7742.79 
5 14.39 -1 4805.2 
21 89.99 681.32 7241.72 
1 8.09 194.19 2330.29 
7 30.91 185.48 3978.98 
5119 147.68 2414.77 6756.86 
1 7.55 581.57 5188.82 
29 178.53 197 2074.61 
29 104.44 273.7 6766.78 
13 55.21 -1 4272.31 
9 42.51 240.92 2078.51 
21 64.92 1085.11 3610.84 
14 37.46 291.69 2860.66 
30 40.15 587.55 5753.71 
0 0 650.49 9215.24 
6 31.75 465.66 4402.58 
0 0 221.64 5411.19 
37 111.41 216.8 3824.15 
74 37.76 795.08 7383.29 
0 0 361.75 7653.57 
27 157.63 525.42 8762.92 
2 4.66 1462.29 6068.38 
1 5.97 89.61 1153 
35 31.99 -1 4960.52 
31 103.63 227.32 3309.49 
7 49.46 2649.8 15920.01 
1 7.75 46.52 806.39 
0 0 74.62 4782.25 
7 12.37 871.02 4621.91 
6 20.26 185.69 2386.9 
338 243.28 -1 10343.04 
19 45.81 1501.93 7502.41 
4 12.7 1450.47 3980.07 
37 142.44 2344.56 4180.94 
0 0 64.88 2335.71 
0 0 129.64 3463.15 
-1 -1 345.46 -1 
6 39.12 267.33 2008.22 
0 0 160.93 3154.17 
1 3.22 80.5 1236.48 
4 19.75 399.86 3134.72 
1 7.67 69 1694.27 
62 156.83 4877.06 8770.11 
7 63.69 919.02 9190.17 
214 73.82 3235.45 12490.6 
1324 127.05 1744.19 9015.27 
0 0 76.49 3999.56 
31 53.39 339.31 17859.42 
19 67.55 807 7341.18 
1 2.53 932.05 5891.14 
6 40.29 235.04 4378.48 
52 66.35 1195.53 7043.06 
4 19.76 1293.95 9116.95 
112 126.72 3239.2 8497.95 
8 19.42 364.19 4681.09 
11 21.22 179.38 2659.8 
6 43.37 43.37 3259.85 
0 0 161.69 6854.13 
-1 -1 3268.26 -1 
4 33.8 168.99 2729.19 
16 40.86 178.75 5709.91 
4 26.46 231.48 4027.78 
2 6.45 103.28 2149.5 
41 62.32 203.69 6443.62 
26 26.28 448.84 7247.12 
17 140.81 356.17 4472.79 
0 0 672.35 7311.8 
9 67.41 981.2 7182.98 
2 12.68 190.21 2675.63 
12 53.61 446.77 3471.38 
1 5.29 31.75 1423.43 
18 34.42 868.12 4843.49 
35 41.55 225.56 2945.37 
243 55.73 1631.98 6595.13 
14 16.51 -1 5198.1 
7 43.57 1419.06 8956.25 
23 24.63 519.47 6434.96 
4 10.27 87.26 3174.56 
4 4.25 294.6 4176.5 
0 0 53.2 1968.23 
9 36.36 -1 3470.01 
10 24.54 282.16 4480.21 
3 6.56 958.15 6354.87 
420 90.08 1389.87 9710.83 
6 50.99 1240.65 5319.51 
22 106.02 674.67 6809.31 
2 18.94 161.02 4328.47 
9 41.02 332.73 4193.25 
6 13.95 620.71 4840.17 
-1 -1 442.93 -1 
12 74.59 372.95 4090 
0 0 -1 2405.2 
1 7.34 587.33 4977.61 
0 0 210.79 3812.33 
8 32.82 500.47 9463.84 
0 0 75.72 1216.94 
10 19.63 345.45 4100.26 
13 99.24 1687.02 8763.36 
21 31.64 394.74 4197.55 
7 38.44 340.43 5221.83 
6 15.08 -1 2747.06 
8 40.9 -1 8890.59 
27 41.07 1446.56 5381.64 
23 76.16 271.52 3533.11 
0 0 788.52 6474.18 
1 8.55 393.26 4719.16 
14 55.97 1783.14 9719.33 
0 0 77.05 2140.89 
9 25.31 275.58 4729.9 
6 34.19 74.08 4348.07 
1 2.69 400.56 2510.89 
6 11.54 1357.38 7225.26 
0 0 56.31 2239.74 
2 12.67 -1 4853.32 
7 50.17 394.21 3168 
10 23.23 445.94 4287.54 
4 26.11 522.13 6363.4 
0 0 96.69 2604.1 
18 48.45 293.41 3459.04 
1 7.95 71.54 1438.79 
16 144.69 -1 5453.07 
0 0 37.95 2334.19 
3 12.41 516.96 6273.78 
6 38.1 82.54 4387.58 
22 85.74 1555.07 5214.75 
0 0 52.95 1879.8 
16 43.53 530.57 4674.45 
85 103.53 -1 7203.5 
14 83.78 1358.47 10029.92 
4 25.08 94.07 2966.26 
1 3.39 88.16 2170.08 
0 0 316.75 5624.52 
44 48.63 1267.73 4148.02 
7 18.21 106.68 2016.5 
2 6.51 191.96 3702.5 
12 71.45 142.9 3876.15 
5 8.59 536.18 6743.54 
0 0 1678.99 4102.43 
3 13.92 241.28 2032.29 
7 46.97 972.89 7722.76 
0 0 90.65 2085.03 
6 28.83 1287.84 3061.03 
5 10.18 136.48 5457.1 
5 10.77 488.86 5127.6 
8 55.41 609.46 8899.51 
5 31.47 -1 4852.11 
3 4.65 599.45 5636.7 
4 20.29 2018.97 6665.65 
0 0 33.66 3322.75 
0 0 216.78 4920.19 
16 47.44 136.4 2570.87 
72 47.28 687.49 6957.6 
5 18.26 91.31 3360.24 
3 10.26 -1 2695.95 
58 40.64 -1 9522.57 
6 15.3 1664.84 3049.23 
23 36.89 293.54 4252.35 
6 15.34 48.58 3809.48 
1 1.21 283.39 3105.21 
1 5.61 302.76 2315.54 
19 20.52 -1 2639.54 
26 117.6 918.22 4758.46 
1 7.2 86.45 3385.92 
43 178.84 1185.33 8754.78 
21 24.85 369.24 3235.58 
10 17.38 -1 3238.42 
5 10.62 -1 2743.68 
5 10.61 2047.92 6650.96 
27 27.6 266.81 3574.9 
5 47.02 84.64 3348.07 
9 27.6 644.09 7560.42 
14 20.43 458.28 5702.23 
-1 -1 874.69 -1 
0 0 160.76 1579.65 
0 0 -1 4127.54 
58 190.11 1379.97 6667.1 
80 45.52 797.66 9746.54 
9 21.8 213.14 3415.12 
4 22.51 607.8 5183.18 
38 118.46 2758.9 9695.12 
7 24.43 342.06 5755.67 
2 16.18 186.04 6834.91 
6 10.47 111.67 2364.17 
84 105.68 -1 7311.89 
0 0 353.42 3769.81 
7 36.83 1046.93 5808.08 
-1 -1 551.69 -1 
48 176.41 782.8 5001.84 
0 0 2523.46 10385.16 
6 31.75 280.44 1968.36 
12 21.58 -1 4838.22 
1 7.78 155.62 3906.01 
0 0 82.15 1579.19 
50 35.71 1201.33 5823.11 
3 21.84 291.16 5553.94 
0 0 185.08 2796.82 
12 41.45 417.93 5253.52 
19 31.87 134.19 4198.4 
0 0 208.53 5596.66 
0 0 57.31 1690.74 
4 10.28 -1 4658.46 
1 4.14 446.95 5466.81 
7 30.95 154.77 5576.19 
12 58.55 121.99 3635.21 
0 0 73.07 1633.06 
0 0 65.46 2475.6 
4 17.56 535.49 5174.91 
6 22.62 252.63 2869.42 
26 43.37 1756.32 8930.03 
2 8.67 212.45 1634.58 
0 0 36.89 2391.49 
5 40.12 -1 6876.35 
2 7.85 368.76 2032.09 
22 95.42 1439.97 8245.14 
9 32.39 273.51 4322.17 
0 0 75.52 3295.57 
0 0 71.56 1703.16 
8 51.75 310.48 4482.54 
13 123.99 152.6 2784.93 
22 40.49 2105.73 7093.95 
0 0 368.05 3541.18 
434 138.93 1933.77 8407.3 
2 2.42 1363.32 9960.24 
29 121.17 480.51 5214.56 
7 8.11 303.72 4529.07 
1 4.4 206.88 3913.02 
1219 122.23 -1 9544.8 
24 43.45 1846.45 10816.24 
17 28.65 -1 4379.92 
-1 -1 1257.09 -1 
13 15.2 776.61 6940.35 
4 17.53 319.99 4436.07 
13 25.09 1399.48 11091.59 
3 22.87 442.24 1921.46 
0 0 173.77 2999.82 
2 9.88 765.85 5850.09 
2 14.4 -1 3879.65 
8 20.2 111.07 3115.14 
0 0 1454.74 16628.13 
81 106.99 2541.38 6879.15 
43 29.96 987.42 7902.86 
2 14.17 92.08 2075.36 
5 45.93 -1 6622.58 
13 26.86 -1 3481.98 
8 15.94 1577.75 9695.61 
3 11.97 1523.92 13751.15 
0 0 619.51 3424.1 
6 10.11 52.25 2326.01 
164 43.64 1290.43 9258.87 
15 20.73 1523.3 13032.36 
25 31.21 288.4 3274.74 
0 0 73.23 421.09 
23 53.16 524.67 6233.68 
-1 -1 491.66 -1 
1 5.04 80.61 2377.95 
24 78.91 2594.03 9360.21 
28 30.31 1097.77 4261.17 
419 91.02 1516.12 9393.66 
0 0 951.3 8119.51 
-1 -1 373.54 -1 
3 21.81 189.01 3518.46 
13 26.68 743.07 5412.89 
8 30.51 228.86 4519.97 
0 0 7.79 116.79 
7 51.25 995.75 6252.75 
40 56.32 387.2 4864.62 
3 9.13 328.75 4069.77 
3 12.34 1205.17 4972.85 
5 13.06 509.18 6256.36 
8 25.28 -1 5306.57 
8 22.07 140.72 2579.88 
17 54.53 878.94 4994.55 
7 13.41 294.92 3347.5 
5 36.91 155.04 3521.59 
4 35.75 -1 3038.43 
22 143.58 202.31 1461.85 
-1 -1 720.05 -1 
7 31.75 185.97 1560.37 
10 66.84 133.68 4398.1 
1 8.3 190.95 1992.53 
1 3.28 62.29 1331.02 
10 89.84 2650.26 16233.94 
2 15.03 405.71 7505.63 
0 0 264.07 4088.32 
7 29.54 485.38 8352.68 
3 14.18 103.96 1960.97 
9 57.45 1640.6 4857.96 
1 5.43 217.26 3590.24 
2 16.94 279.45 4293.34 
11 24.68 567.54 5334.47 
33 30.81 269.82 2762.66 
5 24.1 -1 2607.86 
12 30.45 880.44 5158.33 
-1 -1 703.74 -1 
62 58.48 1093.15 8755.56 
7 54.77 1095.46 8356.81 
0 0 178.57 3890.98 
14 47.04 -1 5090.9 
4 30.79 138.57 6497.31 
4 24.25 181.86 2837.05 
36 42.89 1380.76 4782.04 
32 53.21 1486.61 8773.3 
33 53.28 2423.47 9811.74 
1 2.98 772.3 7242.96 
10 17.68 758.39 8050.63 
1 6.02 234.77 5116.78 
-1 -1 116.21 -1 
15 36.43 699.49 6028.22 
2 9.18 225.01 7833.95 
1 7.26 500.94 1989.26 
6 14.92 106.93 2511.63 
6 16.4 284.21 2828.41 
-1 -1 667.04 -1 
2 11.87 634.79 7937.83 
0 0 -1 -1 
0 0 52.35 1380.23 
2 10.81 264.97 5531.82 
-1 -1 339.92 -1 
4 32.41 81.02 1531.36 
0 0 140.18 4247.56 
15 28.47 1195.76 6305.28 
1 7.09 63.81 453.77 
2 7.25 264.67 2472.72 
2 16.58 99.47 2138.59 
4 20.64 443.73 5737.58 
3 14.37 201.24 3085.62 
2 11.92 208.53 2818.16 
69 176.23 168.57 4627.88 
2 7.17 426.57 4262.11 
5 41.27 354.96 4424.63 
0 0 339.73 4416.49 
1 5.94 47.5 2707.68 
488 66.09 1810.07 7754.23 
22 49.03 686.47 5304.57 
26 55.24 220.96 4890.8 
7 42.76 2089.32 12658.07 
3 29.01 -1 4002.71 
11 35.08 494.37 2730.2 
9 15.81 332 4526.77 
137 156.6 1651.73 10954 
4 18.14 9.07 1324.5 
30 146.83 161.51 5594.17 
1 8.42 168.48 2822 
8 10.49 602.99 4846.24 
29 36.25 342.53 4705.35 
63 58.02 770.88 4328.73 
10 11.05 157.99 3935.3 
20 53.45 374.18 6406.52 
79 41.26 -1 6864.2 
9 78.02 468.1 4776.35 
3 13.52 -1 3168.95 
3 10.28 352.88 7276.96 
8 13.77 533.46 5551.44 
0 0 70.08 2531.53 
11 13.29 305.77 5248.85 
17 48.59 122.91 3126.97 
0 0 571.65 3706.08 
4 37.95 47.43 2921.92 
2 9.24 9.24 1223.96 
0 0 1121.64 5014.12 
1 3.69 195.71 2802.7 
4 31.24 851.23 5138.62 
-1 -1 333.66 -1 
440 86.98 1038.27 6915.98 
1 9.6 499.33 2669.48 
0 0 310.85 1318.76 
8 18.67 331.36 3903.95 
46 58.18 599.49 5782.44 
1 6.69 260.97 5366.7 
13 31.45 87.1 2893.5 
9 21.91 477.21 4535.94 
3 14.3 290.85 2550.9 
18 32.87 1073.8 6101.28 
3 21.96 -1 7430.45 
30 51.89 875.19 6934.07 
14 19.21 889.17 5763.14 
0 0 351.8 775.57 
3 21.17 536.23 2173.15 
21 41.25 398.76 4482.6 
0 0 200.02 1377.51 
15 37.94 1449.39 10937.42 
1 3.26 -1 1655.37 
10 25.22 950.75 7159.61 
19 40.46 1239.22 4682.21 
7 32.88 103.33 2014.94 
9 47.44 326.81 5998.63 
1 2.71 89.45 3588.95 
-1 -1 187.87 -1 
3 9.46 -1 6946.59 
63 34.82 845.63 5590.56 
0 0 341.75 900.37 
1 4.31 103.35 2381.26 
89 377.61 895.24 5965.46 
0 0 1647.53 6002.11 
0 0 62.14 675.73 
14 104.92 936.82 8086.64 
0 0 295.76 3469.22 
11 47.58 -1 8234.94 
6 22.09 261.4 3700.16 
3 14.28 114.23 1975.16 
25 167.52 683.46 4670.33 
33 38.9 544.59 4062 
35 91.49 1280.84 4561.38 
75 211.74 1428.53 6575.2 
3 21.77 137.89 2590.9 
0 0 1329.57 5675.59 
0 0 116.35 3601.46 
48 56 423.52 4252.66 
0 0 210.18 1719.69 
7 15.43 152.07 3321.36 
23 30.5 690.79 7070.97 
-1 -1 1968.89 -1 
18 88.37 122.74 4217.19 
1 3.58 53.7 1908.07 
5 40.47 493.73 9307.97 
5 7.92 815.98 3669.55 
21 31.75 411.23 6018.78 
3 10.83 -1 2480.23 
56 28.55 321.68 5118.88 
1 8.85 1300.88 4699.12 
14 34.42 -1 5030.12 
4 35.61 80.12 3071.31 
22 92.68 -1 5906.14 
0 0 -1 4261.51 
5 14.35 421.75 3534.64 
0 0 66.33 3523.75 
0 0 1874.95 14131.86 
23 21.53 1311.2 7568.62 
5 29.2 292 3071.89 
0 0 1130.86 3814.79 
2 12.62 -1 2833.17 
113 81.29 1571.14 6672.33 
11 37.68 887.29 7276.46 
-1 -1 65.71 -1 
1 8.66 207.79 2839.83 
2 11.43 51.42 2205.46 
1 9.65 241.31 4662.16 
42 40.28 1333.23 4883.08 
5 38.41 944.85 11622.37 
1 7.23 108.49 3681.47 
5 26.33 -1 5224.08 
4 34.14 1724.14 12666.44 
10 61.12 61.12 2573.19 
0 0 179.32 2541.71 
4 28.4 198.79 4195.95 
17 42.33 -1 3072.56 
15 83.49 322.81 7446.99 
4 35.52 124.32 5834.3 
1 8.49 84.88 3140.65 
3 23.2 170.15 3480.28 
0 0 74.96 2657 
41 47.88 223.06 5492.49 
3 25.83 103.33 5967.45 
5 24.07 245.51 4178.5 
0 0 358.97 4549.94 
1 2.99 505.1 1736.45 
-1 -1 551.32 -1 
34 112.25 997.03 6857.05 
1 9.52 295.04 2217.57 
9 26.78 151.78 4264.75 
0 0 64.61 4335.25 
158 68.99 2978.69 13039.07 
3 13.05 -1 3842.47 
2 10.96 158.85 4015.12 
0 0 1390.25 6593.18 
2 8.96 -1 3293.16 
7 30.23 133.87 2996.93 
0 0 1483.15 5038.73 
3 17.68 724.94 5216.01 
15 41.56 872.72 11109.88 
16 81.37 300.04 3951.38 
1 3.39 744.75 3930.26 
3 25.93 267.96 4295.96 
2 16.25 -1 3194.08 
3 9.91 1318.22 7522.8 
4 29.46 198.88 1996.17 
3 12.83 72.71 2993.76 
9 36.79 102.2 2959.81 
-1 -1 88.3 -1 
60 54.23 2078.85 5569.51 
6 41.69 62.53 5822.68 
0 0 427.27 4230.91 
47 188.27 348.5 3633.23 
21 81.8 1336.03 10571.42 
9 8.69 435.6 4114.51 
1 7.29 196.79 4810.5 
249 66.02 1304.78 6544.31 
3 6.11 313.89 2631.36 
0 0 1678.08 4253.46 
0 0 151.13 1354.53 
1 2.49 184.39 2554.01 
2 11.1 127.65 3446.55 
18 95.15 375.3 5079.82 
28 28.53 223.14 5388.97 
2 5.82 58.24 1243.34 
4 29.51 1032.91 5267.82 
0 0 566.68 2172.27 
19 108.71 457.72 8759.58 
0 0 645.16 1004.61 
13 88.94 485.77 6499.73 
1 8.05 209.22 1335.8 
1 9.36 280.93 11021.63 
8 45.93 281.32 4638.88 
2 14.27 99.9 1705.44 
14 43.88 316.55 6255.88 
2 16.95 355.9 1491.4 
1 4.97 29.8 1217.03 
12 83.73 286.09 4340.24 
2 8.04 44.22 2235.18 
0 0 -1 1960.9 
389 269.03 1627.33 5693.22 
6 18 110.97 4975.71 
24 49.71 816.02 6677.3 
3 25.16 -1 2306.66 
0 0 138.91 2241.7 
1 8.89 177.73 5936.19 
0 0 585.46 6568.61 
17 48.96 -1 3591.18 
174 96.23 3255.71 12364.16 
10 53.27 591.24 7995.1 
19 58.38 577.61 8249.35 
1 7.04 288.65 2970.99 
12 59 1607.83 11977.58 
-1 -1 736.68 -1 
39 84.06 581.98 5701.29 
1 6.38 44.64 4591.25 
0 0 141.75 3985.66 
11 16.2 2264.09 11491.32 
13 23.93 1818.82 10855.84 
17 28.04 138.56 3294.13 
0 0 122.9 3256.96 
3 15.18 75.88 1365.91 
0 0 324.52 2857.37 
7 63.69 1264.79 5996.36 
7 19.5 559.86 5439.81 
0 0 21.66 2642.98 
-1 -1 389.55 -1 
0 0 188.13 1960.93 
4 30.81 169.44 5460.57 
145 74.31 1424.74 11722.35 
12 27.71 658.05 4167.63 
2 12.67 82.38 1907.48 
3 19.66 281.76 2974.9 
-1 -1 374.05 -1 
1 4 623.55 4592.69 
260 144.99 1629.43 9465.95 
29 41.52 904.94 7150.73 
0 0 153.93 2285.85 
0 0 198.28 4586.91 
1 6.97 223.06 4642.41 
0 0 699.98 7323.23 
2 15.86 71.35 4043.13 
4 8.05 366.34 5410.63 
2 8.37 292.91 4946.02 
1 7.55 -1 3511.82 
0 0 252.9 5212.5 
-1 -1 626.09 -1 
2 13.86 408.98 4817.69 
11 38.81 105.84 2007.34 
6 45.94 145.47 2802.24 
4 7.12 327.36 4109.74 
3 17.49 99.13 1737.61 
1 1.4 68.68 1572.73 
24 49.09 560.45 5700.67 
461 78.11 1035.05 6961.87 
0 0 303.91 2289.04 
10 29.34 534.04 3060.45 
0 0 674.75 1636.64 
4 25.45 1278.63 8396.95 
18 113.24 509.56 4479.11 
1 4 151.91 1791 
1 8.77 70.19 3272.79 
2 10.77 350.03 5885.84 
4 20.61 159.72 2313.36 
7 19.49 860.27 6584.26 
24 39.52 321.08 6885.88 
16 72.94 989.2 5875.92 
7 38.13 403.14 5431.47 
6 48.69 592.34 5201.23 
2 13.13 -1 3295.26 
7 59.04 101.21 3500.34 
1 8.36 83.56 2105.79 
3 10.21 125.96 2995.85 
144 78.85 3047.66 9248.11 
20 57.78 2507.51 9827.83 
348 150.81 1171.84 10038.61 
10 11.39 230 4965.56 
25 92.69 140.88 2828.75 
7 63.69 282.07 5050.05 
166 171.88 1274.62 7762.64 
5 15.87 384.08 2482.22 
21 34.02 933.19 7180.35 
11 55.34 1232.52 7787.5 
7 31.18 445.41 4164.63 
0 0 58.37 1916.34 
66 67.75 1565.55 8078.23 
29 12.04 842.7 5502.07 
1 6.72 53.73 4103.43 
306 367.36 3530.78 12109.83 
0 0 6.64 1592.89 
74 70.35 1318.6 4576.61 
5 25.34 91.21 2153.53 
610 121.51 599.78 9773.95 
20 33.99 141.06 2659.71 
10 54.76 657.14 6149.72 
-1 -1 -1 -1 
3 12.92 2885.57 5977.86 
1 8.07 750.73 2542.78 
0 0 985.82 4019.51 
11 40.08 142.09 4080.44 
1 8.98 98.73 1337.28 
-1 -1 1441.78 -1 
7 61.81 105.96 5792.49 
57 58.39 578.8 5007.38 
527 118.28 2460.11 10039.52 
-1 -1 607.03 -1 
15 75.18 205.49 5117.28 
21 20.74 1174.32 4015.8 
89 48.59 737.62 4494.53 
7 10.38 360.34 5492.62 
3 22.32 -1 2209.49 
6 37.27 105.6 3217.59 
50 44.83 305.72 2631.37 
9 26.96 -1 6203.2 
0 0 2089.44 9833.62 
12 26.2 1477.94 7734.63 
318 38.65 646.17 3857.83 
2 15.35 130.44 2654.8 
0 0 190.95 2756.14 
-1 -1 383.57 -1 
14 37.86 816.61 6800.61 
6 21.05 105.23 1918.69 
3 18.84 583.99 3679.75 
9 32.74 865.9 2670.45 
1 5.93 349.65 3662.44 
3 16.12 161.19 3868.68 
1 8.37 92.04 1773.91 
-1 -1 26.17 -1 
10 21.82 3414.57 11646.63 
3 20.3 155.67 2260.58 
2 9.11 -1 3748.06 
8 23.43 676.45 5294.44 
389 71.49 1787.2 7428.52 
8 61.15 68.8 3730.32 
16 50.89 728.37 5655.22 
96 62.08 1960.67 8666.52 
1 7.54 286.66 4277.31 
5 15.9 216.2 3634.11 
2 14.39 86.34 3144.34 
4 11.24 137.66 2778.4 
7 47.58 20.39 1549.65 
3 17.55 988.71 2983.68 
0 0 393.73 3049.81 
10 52.3 564.85 4979.08 
7 43.9 363.7 2627.45 
0 0 116.1 1736.87 
4 16.17 80.84 1240.86 
1 6.86 260.79 4879.56 
-1 -1 166.4 -1 
5 34.86 -1 14440.11 
2 8.42 724.52 9448.19 
-1 -1 2038.98 -1 
-1 -1 2982.31 -1 
2 3.44 893.29 4078.2 
46 45.82 514.99 3743.36 
33 133.61 708.53 5299.81 
0 0 69.94 2121.46 
21 34.09 160.72 3298.75 
14 72.17 -1 6088.26 
11 19.75 441.72 2813.69 
52 25.23 1076.95 7955.35 
1 4.95 -1 2907.96 
-1 -1 2186.47 -1 
-1 -1 136.06 -1 
25 35.64 64.14 3807.28 
13 30.4 -1 5240.51 
2 15.07 851.22 6410.55 
8 41.34 242.89 4382.43 
5 39.69 103.18 1690.61 
13 12.45 2109.96 9737.98 
29 47.87 402.75 4874.22 
7 41.89 -1 3482.74 
0 0 559.59 4770.35 
12 18.55 265.95 5201.39 
8 42.39 1012.03 7900.17 
2 16.91 -1 4083.88 
1029 161.1 1118.78 7860.14 
30 56.34 572.76 4499.45 
6 48.32 2584.96 13802.54 
7 61.68 -1 5340.15 
2 10.24 450.38 4601.05 
56 38.2 984.34 4941.47 
0 0 259.88 3016.22 
7 29.12 711.46 7368.42 
1 9.48 749.31 12349.43 
7 20.82 514.53 3967.52 
1549 89.31 -1 6784.1 
0 0 273.42 4886.34 
7 36.88 489.94 11189.55 
0 0 57.79 2464.39 
21 22.38 985.62 5843.37 
5 36.03 259.44 4533.01 
1 3.49 101.26 1386.17 
1 1.43 728.32 6652.17 
1 6.2 254.39 3623.5 
0 0 239.75 2848.82 
-1 -1 34.98 -1 
0 0 55.76 2090.88 
545 76.52 3081.26 9901.59 
9 39.73 909.37 7323.53 
5 23.98 105.5 3879.54 
26 31.83 -1 4158.25 
20 20.6 739.5 11503.4 
8 19.81 321.96 6939.42 
4 7.38 -1 3813.53 
1 7.51 15.03 1059.59 
8 28.74 441.95 4915.38 
9 28.36 1726.58 5293.17 
23 37.21 144 2103.36 
5 10.93 373.88 4309.42 
3 10.69 1304.02 6160.26 
4 15.46 -1 5755.48 
11 23.11 -1 2604.66 
1 3.63 232.55 2405.44 
44 82.17 524.76 8117.95 
18 39.34 439.29 6521.55 
7 34.84 154.31 4514.91 
2 17.17 171.7 2841.69 
1 6.47 271.86 6964.85 
28 28.88 2169.92 5011.24 
14 49.49 1124.03 9154.85 
1 3.65 255.32 3490.54 
5 25.11 -1 2024.21 
23 102.85 2209.01 11255.2 
3 29.44 2119.93 13023.85 
2 5.52 331.04 5892.58 
9 73.24 1000.98 6331.38 
5 26.3 99.93 3355.42 
0 0 247.89 2994.77 
29 36.33 987.28 5192.01 
0 0 -1 2439.98 
2 15.04 45.13 2858.43 
1 7.23 354.46 4730.9 
19 59.67 1884.24 9160.57 
22 41.81 309.78 2708.2 
6 24.64 332.61 3646.37 
1 7.47 -1 1345.39 
6 31.58 -1 5232.13 
8 43.3 167.79 3112.31 
-1 -1 208.03 -1 
4 15.09 264.12 7399.16 
0 0 106.98 1377.95 
3 24.88 348.32 5382.32 
0 0 286.4 3764.7 
6 46.92 742.94 5802.77 
8 19.77 353.39 2444.09 
11 59.31 803.36 5154.47 
1 7.72 84.88 2253.09 
8 33.83 346.72 6054.97 
585 94.51 1633.81 8501.39 
4 20.18 786.89 2133.67 
5 37.55 360.5 6023.28 
18 47.69 267.59 3799.28 
5 26.38 538.17 5550.57 
5 39.66 499.72 8043.15 
3 17.6 -1 3496.83 
6 34.04 198.58 6683.69 
12 16.53 410.47 3629.48 
2 8.65 1276.17 4771.59 
9 23.81 58.2 2084.49 
0 0 143.18 1988.55 
86 71.51 -1 6197.61 
4 12.9 206.47 3229.34 
55 91.82 1644.35 7692.56 
3 24.51 1282.68 8545.75 
10 17.84 194.49 3855.9 
0 0 97.97 2449.13 
1 4.63 541.74 5922.12 
1 8.3 838.59 9407.17 
8 34.29 3364.91 14008.32 
57 192.93 700.63 3604.67 
17 19.24 320.3 4810.2 
37 99.29 880.21 9164.34 
9 50.77 428.7 4078.29 
3 26.79 -1 5759.96 
0 0 -1 2064.9 
8 12.07 774.19 6688.5 
29 25.75 581.49 5835.3 
2 11.31 503.48 6579.17 
3 12.87 111.56 4376.74 
3 24.6 459.24 3345.91 
23 74.45 233.06 4017.09 
3 22.24 378.11 3024.91 
8 21.48 217.44 4225.28 
23 58.3 -1 5842.69 
-1 -1 238.15 -1 
16 16.57 453.49 3505.76 
0 0 27.66 1069.52 
18 127.7 -1 12061.01 
3 25.16 377.36 4293.5 
38 30.1 111.68 3520.65 
1 6.16 215.44 5884.53 
17 41.79 1214.45 6534.41 
4 16.28 174.98 3316.51 
24 22.33 237.24 2453.34 
2 4.98 -1 1546.43 
0 0 78.56 1649.71 
0 0 529.02 3452.56 
18 166.68 1444.58 6982.13 
5 23.16 926.23 6080.67 
0 0 61.66 1154.71 
0 0 155.09 2629.54 
5 13.89 433.21 5695.64 
3 14.78 88.69 2049.66 
1 3.91 11.72 917.97 
6 10.7 285.38 3708.2 
8 12.92 827.14 6242.33 
1 8.72 278.92 5308.11 
3 118.16 2008.66 14021.27 
2 9.1 450.45 4659.2 
24 91.5 236.38 4373.02 
0 0 368.19 751.1 
0 0 825.36 7165.89 
2 7.8 39.02 1342.18 
1 3.34 624.31 2670.85 
233 119.19 461.42 7589.33 
4 13.31 123.1 3396.77 
13 16.2 -1 6927.24 
4 27.65 214.31 2468.03 
9 14.96 225.99 3845.13 
4 18.34 -1 3553.58 
4 26.81 134.03 3752.85 
4 17.31 -1 3029.39 
18 30.29 395.44 4073.84 
7 25.5 284.14 3508.07 
0 0 508.57 2549.39 
0 0 118.6 2685.53 
2 15.19 258.16 5011.39 
-1 -1 25.51 -1 
3 18.65 478.65 5613.23 
16 29.67 904.83 3982.72 
7 43.88 532.85 4783.1 
1 8.2 24.59 696.61 
2 6.14 589.14 7149.43 
51 37.82 1280.74 5938.71 
22 79.01 506.39 3541.16 
-1 -1 853.28 -1 
0 0 123.17 5166.28 
1 8.96 456.87 1702.05 
1 9.46 397.28 4048.43 
4 21.82 1964.1 12766.65 
73 170.22 1587.93 8580.89 
0 0 45.89 3092.01 
1 6.03 391.64 4295.96 
26 50.73 345.37 5715.12 
86 26.49 719.23 6744.72 
0 0 312.39 2159.59 
1 7.64 -1 2122.79 
2 16.68 -1 5862.24 
6 27.15 389.09 4569.52 
21 37.38 377.37 3809.32 
3 28.65 257.86 1537.58 
11 56.34 962.82 10739.53 
6 25.8 124.69 1835.93 
73 51.76 455.92 5054.1 
-1 -1 93.44 -1 
0 0 3834.1 8997.38 
41 59.49 -1 6260.61 
0 0 36.91 3617.57 
105 41.42 872.98 5535.31 
45 26.78 401.73 6063.49 
7 26.85 1331.08 4814.15 
0 0 31.51 992.67 
20 51.02 1153.03 7048.29 
9 32.8 127.57 4516.13 
52 50.52 869.6 7573.77 
1 5.99 173.57 2735.22 
4 12.14 203.33 3842.07 
18 77.55 1391.58 12127.87 
11 89.92 384.21 2542.3 
2 5.5 27.49 1836.38 
17 44.07 956.68 8241.94 
102 277.54 3583.48 27010.77 
33 56.15 345.39 5361.21 
10 42.58 711.12 5344.06 
0 0 231.16 1832.19 
0 0 147.49 4285.48 
10 25.9 -1 4839 
5 26.09 506.21 4315.83 
0 0 535.75 1995.2 
4 15.37 211.4 5796.21 
12 84.5 521.09 6724.88 
34 58.8 1469.9 7496.5 
1 7.6 68.39 1732.65 
0 0 188.13 3794.88 
15 23.56 314.07 4690.64 
0 0 235.07 4762.32 
0 0 96.73 2015.15 
25 59.78 920.55 8139.06 
11 21.51 791.96 6476.47 
16 21.41 -1 7387.18 
15 140.88 -1 7401.15 
0 0 1064.63 2975.94 
20 51.6 278.64 2706.47 
2 9.98 -1 4712.22 
3 8.77 67.2 4227.9 
3 16.5 824.95 2826.82 
-1 -1 155.37 -1 
3 11.87 166.15 2713.82 
5 10.12 125.54 5088.28 
50 59.38 951.34 5904.01 
1 8.61 1334.6 12493.54 
2 13.72 48.01 2489.71 
0 0 98.95 2315.53 
12 31.89 441.08 5056.46 
8 31.49 204.68 3192.28 
1 8.07 56.51 5085.98 
11 35.25 474.31 3214.43 
659 169.63 1418.55 9454.95 
31 26.95 953.67 8977.74 
2 13.51 1215.48 5422.38 
31 26.39 530.44 6200.09 
8 62.29 537.26 7249.09 
3 13.32 84.35 3303 
42 39.81 681.43 6474.08 
0 0 96.47 2744.13 
1 8.59 85.9 2010.14 
3 15.97 628.09 7404.06 
1 5.64 84.57 2627.42 
8 24.61 495.28 2294.89 
503 436.37 2154.96 8024.71 
68 81.37 1395.22 7234.57 
9 61.22 292.52 4911.56 
0 0 106.96 2246.14 
7 33.89 266.29 5175.75 
18 48.21 2581.96 11466.15 
-1 -1 1088.12 -1 
3 6.22 155.42 4012.02 
1 4.68 149.6 2248.71 
10 52.28 695.28 5849.76 
2 7.83 297.37 3631.1 
3 19.99 306.54 7310.41 
18 68.72 832.32 5681.12 
6 14.96 -1 4524.15 
4 23.64 212.73 3025.47 
13 57.02 78.94 2719.18 
5 27.54 346.99 2952.19 
0 0 84.02 2377.75 
1 7.13 171.06 6072.7 
3 23.16 108.07 4585.46 
56 37.5 556.4 7720.02 
12 72.61 1240.39 14013.43 
1 7.88 212.83 3689.11 
0 0 130.01 2181.29 
0 0 447.45 8474.42 
3 16.5 54.99 1792.59 
0 0 487.73 4250.21 
1 1.97 76.92 1110.39 
22 78.51 1227.61 7304.97 
3 22.48 771.88 9779.68 
1 8.74 43.71 1118.88 
-1 -1 454.84 -1 
14 27.3 74.09 5634.96 
0 0 163.75 2378.42 
5 28.5 906.29 9165.53 
10 14.53 -1 3851.07 
4 21.24 1093.88 7205.82 
5 10.51 832.58 6830.94 
0 0 112.94 4743.62 
2 10.86 657.11 7429.13 
1 8.75 236.22 4050.74 
1 4.83 270.39 4181.35 
3 11.03 -1 1135.78 
257 94.26 999.13 5451.18 
4 14.09 144.44 1648.7 
1 7.82 594.35 4606.24 
57 127.89 2344.68 7747.54 
2 2.6 1283.7 7364.72 
3 12.11 121.07 3285.04 
113 182.84 673.11 7289.29 
1 7.54 165.96 4888.35 
6 11.09 275.38 5234.07 
21 74.71 259.69 3525.44 
4 27.45 253.89 3973.1 
2 9.43 33.01 2268.33 
2 15.87 -1 4181.54 
5 31.65 126.61 4051.66 
90 61.65 1169.38 9154.31 
1 6.16 43.13 1336.95 
1 9.47 170.42 4004.92 
4 30.47 358.01 5408.29 
19 70.63 479.52 3802.69 
24 45.93 673.62 5105.73 
27 123.7 1392.77 13735.28 
10 39.42 204.97 3358.43 
0 0 67.86 4071.35 
5 13.83 182.6 2321.27 
2 11.49 155.08 4888 
0 0 93.7 1776.18 
31 28.92 500.94 5005.64 
2 14.99 134.91 2286.01 
5 10.23 380.43 5688.05 
4 30.51 -1 3843.81 
2 17.18 68.71 3366.83 
4 28.2 366.66 5020.45 
13 16.52 412.91 4981.58 
581 161.5 1562.48 7194.74 
0 0 159.32 1106.39 
4 15.59 911.96 4450.68 
9 41.76 -1 4356.7 
1 3.69 1660.33 7681.81 
3 24.25 137.42 2214.86 
459 63.98 1014.86 5790.44 
1 9.16 375.6 1722.24 
11 79.35 764.68 2395.04 
0 0 146.46 2489.79 
0 0 141.03 1039.19 
45 40.38 820.1 9176.31 
0 0 55.83 1507.54 
16 57.52 -1 8480.43 
42 239.26 2193.23 13301.81 
4 25.15 339.49 2382.75 
5 14.32 1231.81 5445.74 
1 7.48 44.86 2011.21 
20 38.96 845.51 10025.33 
8 37.54 243.98 3373.53 
0 0 794.37 5615.18 
32 142.89 415.27 7153.38 
8 40.07 140.25 6767.18 
4 29.29 541.85 5791.9 
12 105.27 131.59 2851.13 
2 5.96 369.33 2689.58 
49 76.85 1202.99 9584.68 
128 64.6 643.52 5655.94 
35 63.69 902.54 7276.73 
-1 -1 1315.31 -1 
19 24.16 205.97 3743.02 
5 14.43 513.6 3990.54 
16 32.63 383.35 3574.56 
5 16.09 74 2429.14 
73 40.63 2304.49 9956.08 
24 43.59 908.08 6418.34 
1 3.23 32.29 1443.33 
7 51.16 716.27 5562.05 
0 0 124.14 1675.9 
0 0 400.42 5613.23 
1 9.44 18.87 1283.26 
3 6.4 -1 2647.41 
15 21.82 622.5 4126.25 
3 5.12 -1 4708.85 
-1 -1 1033.4 -1 
14 19.54 -1 4765.56 
11 94.51 137.47 3909.27 
7 14.53 734.56 6596.53 
3 18.88 44.06 1982.88 
401 106.36 2601.6 9420.56 
1 3.19 79.76 1885.47 
4 10.04 401.67 3549.73 
11 34.34 224.8 4842.49 
4 10.91 -1 2695.18 
6 23.93 386.92 6382.13 
0 0 37.13 2054.58 
1 6.94 69.41 2151.58 
7 14 -1 2684.16 
29 44.19 2082.86 9425.42 
0 0 203.29 1469.48 
0 0 178.31 3787.76 
4 27.37 1266.08 2607.45 
13 20.32 426.71 5608.18 
3 11.82 106.42 3121.55 
40 94.24 690.29 8622.72 
85 81.87 639.59 5478.87 
12 20.7 144.9 3508.59 
2 19.42 -1 2495.15 
0 0 13.1 2363.96 
49 75.16 1432.56 6883.65 
1 9.18 358 2717.09 
1 4.25 395.27 2375.89 
1 8.72 985.78 7781.56 
9 30.1 598.56 4270.19 
3 5.72 493.46 8139.16 
4 34.56 1045.45 10860.55 
6 34.34 412.04 5133.34 
2 15 307.42 4978.63 
1 6.92 96.85 3147.7 
19 64.68 268.94 3295.32 
0 0 147.83 3030.55 
13 59.36 803.58 7108.94 
113 58.85 974.37 7215.88 
2 18.3 603.84 7721.87 
45 43.01 1183.14 6316.12 
184 70.71 3928.03 10942.54 
97 132.47 2941.62 7166.95 
42 60.61 577.28 7709.63 
8 19.35 1332.66 6682.63 
18 26.19 566.03 6086.67 
57 47.41 390.93 6890.36 
384 256.33 916.52 9460.97 
25 39.69 1020.91 11250.65 
3 22.94 183.56 2699.81 
0 0 8.82 3167.46 
10 34.72 395.81 3517.12 
16 34.3 319.39 4392.09 
12 54.99 132.89 3986.8 
2 9.76 -1 3377.26 
14 29.51 672.46 5046.59 
4 27.99 538.88 4674.92 
0 0 212.78 2173.42 
44 105.89 536.69 9352.36 
5 26.4 337.96 4198.13 
8 20.84 885.56 2878.05 
11 29.02 137.16 2640.39 
3 28.57 -1 5913.72 
3 6.48 188.02 1346.39 
15 26.22 241.21 5743.65 
1 6.45 51.57 1366.51 
18 35.9 199.45 4374.02 
1 3.29 207.47 2133.97 
26 33.74 -1 2489.91 
7 43.95 420.62 4564 
4 18.75 -1 3173.04 
1 7.89 55.23 2351.27 
11 49.54 1531.26 4107.37 
1 6.91 62.17 4759.27 
6 25.91 1593.54 2725 
2 14.41 -1 2724.32 
0 0 601.38 4020.99 
18 51.23 216.31 5063.33 
0 0 61.69 888.29 
11 23.62 650.56 3139.02 
3 15 525.08 6706.01 
1 9.59 182.15 4908.45 
0 0 84.96 2473.33 
16 51.31 125.06 2379.35 
38 98.79 -1 8227.83 
17 21.39 -1 4279.66 
9 23.13 25.7 1765.89 
8 44.62 730.58 9118.29 
5 22.9 114.49 3201.14 
1 8.76 61.33 3451.9 
0 0 33.38 1962.62 
3 15.73 178.33 3498.37 
8 11.54 249.58 3348.43 
4 10.84 43.35 1514.7 
4 7.95 294.3 4128.14 
46 24.17 611.05 5857.78 
4 17.88 -1 3249.6 
12 37.03 438.23 6156.84 
9 17.56 -1 3092.32 
20 40.24 150.88 2939.22 
-1 -1 669.02 -1 
-1 -1 1987.15 -1 
0 0 966.56 6504.83 
0 0 134.26 3269.63 
12 27.5 -1 2955.73 
16 20.84 166.71 3413.65 
10 42.08 938.43 7259.18 
7 16.51 974.36 13650.41 
21 54.14 618.78 4473.26 
10 32.95 204.28 2263.52 
136 161.11 643.24 5166.08 
7 26.31 360.85 4784.99 
3 21.38 669.95 4632.6 
12 13.6 -1 3384.14 
1 1.88 177.06 3987.64 
4 13.82 190.01 1931.18 
9 23.58 822.57 3492 
48 118.49 589.98 4825.97 
4 8.75 188.22 3403.37 
20 59.28 -1 2726.98 
2 10.11 151.58 3910.87 
3 23.72 -1 4523.53 
4 23.32 145.76 5054.8 
22 29.47 833.29 7431.27 
135 55.36 1135.5 8027.25 
215 79.42 2466.68 9349.97 
3 24.47 750.53 8117.15 
6 14.21 184.77 3181.33 
192 144.3 1908.96 8455.77 
0 0 54.75 5552.95 
2 11.24 -1 2872.72 
3 25.66 -1 6003.59 
7 32.27 364.21 5297.13 
-1 -1 122.28 -1 
-1 -1 15.86 -1 
0 0 147.79 4129.36 
3 16.62 -1 3927.98 
0 0 -1 9384.65 
0 0 1680.3 12452.37 
1 5.99 83.81 2675.85 
7 20.47 663.76 7228.28 
33 38.46 536.08 5063.63 
0 0 103.24 2641.81 
18 20.92 779.72 5227.99 
12 38.75 -1 10074.27 
17 31.04 385.23 3850.44 
0 0 82.26 5153.06 
8 27.43 236.6 1543.05 
2 16.67 716.61 5232.9 
16 36.07 845.39 9292.57 
-1 -1 204.32 -1 
-1 -1 17.24 -1 
1 2.52 297.32 3897.9 
16 39.59 143.51 4097.49 
0 0 50.49 1609.44 
4 7.1 475.46 3738 
11 61.62 39.21 1243.63 
3 10.87 1138.05 9843.79 
10 23.45 1313.17 3831.63 
5 15.5 796.75 6308.9 
0 0 95.76 1915.21 
4 31.57 -1 4356.06 
15 113.13 211.18 7240.37 
5 17.53 234.84 2316.86 
9 16.14 270.88 4952.91 
4 15.55 497.69 4514.17 
15 100.2 387.44 8076.15 
2 13.14 1517.44 9794.39 
10 72.32 130.17 3087.94 
0 0 1108.14 7162.88 
78 230.84 790.2 5445.56 
9 83.09 840.18 4256.3 
7 14.53 373.65 4739.07 
25 61.18 -1 10715.77 
14 56.9 325.15 5742.97 
0 0 425.03 3378.53 
1 4.61 -1 1354.21 
5 8.85 265.42 4055.56 
0 0 173.62 2151.18 
0 0 1196.34 2631.94 
143 77.3 555.18 7553.59 
3 22.38 -1 2872.06 
13 37.91 358.64 5181.36 
1 8.84 106.04 3614.35 
8 23.45 275.53 8969.4 
12 40.06 824.52 5738.22 
1 2.96 239.72 2903.31 
1 6.03 319.6 4287.52 
6 9.08 175.54 2916.07 
16 61.8 -1 5090.38 
76 89.88 1224 7475.25 
1 8.97 125.57 3264.87 
1 8.66 138.54 1359.43 
2 2.73 1203.87 7311.82 
18 20.51 208.56 6441.54 
0 0 950.27 8202.34 
0 0 66.3 1443.94 
9 49.91 754.26 4630.91 
-1 -1 1002.66 -1 
7 22.35 268.19 3457.74 
9 28.31 534.69 5777.82 
0 0 304.71 5833.06 
7 24.23 114.21 3637.43 
0 0 120.26 1906.19 
24 63.52 690.81 7453.28 
-1 -1 125.63 -1 
145 73.28 -1 5694 
20 34.89 197.14 6512.56 
1 5.44 212.07 2974.44 
8 12.23 697.28 7370.37 
1 5.97 513.59 3147.21 
4 21.01 546.28 4107.57 
2 6.31 123.07 1707.22 
13 32.74 619.57 2284.35 
0 0 -1 2917 
1 7.21 216.29 2718.1 
2 15.21 167.34 3772.72 
33 61.15 563.33 5957.57 
9 25.88 485.98 4077.64 
1 7.67 1165.91 6696.33 
278 301.59 2299.87 6833.44 
12 22.2 199.81 4754.77 
1 4.52 108.52 1777.07 
8 47.78 286.67 4646.44 
-1 -1 0 -1 
2 12.56 238.59 2059.4 
9 28.63 362.65 2742.17 
5 26.92 602.9 5151.53 
9 43.52 483.61 3032.21 
4 29.51 177.04 4086.75 
-1 -1 1811.81 -1 
6 17.97 -1 4927.66 
0 0 35.26 2397.74 
-1 -1 370.67 -1 
12 69.93 1730.67 5524.15 
14 39.49 857.47 5835.9 
0 0 1082.77 5100.67 
-1 -1 179.92 -1 
18 43.14 467.36 4510.59 
17 31.63 2037.32 5511.01 
6 14.96 79.79 2580.79 
-1 -1 1956.24 -1 
7 29.14 237.29 3488.61 
9 44.39 1252.77 10954.38 
57 54.84 1189.11 3553.87 
3 8.36 867.12 2238.89 
15 78.39 2241.85 8005.85 
1 9.16 219.84 1190.8 
66 44.91 1019.98 5153.64 
5 37.01 1317.64 10171 
14 49.91 438.5 5340.46 
11 24.47 698.38 4450.52 
25 60.78 636.96 5810.42 
0 0 150.31 2898.86 
69 108.73 2124.14 -1 
8 32.32 484.83 5244.23 
17 41.75 260.35 4315.36 
245 21.16 1162.84 6219.62 
0 0 39.92 1892.37 
1 7.94 150.9 2422.37 
5 19.54 418.07 3450.03 
958 95.81 672.57 9191.32 
1676 60.95 -1 7604.09 
2 15.47 -1 5901.92 
2 13.77 117.03 1239.16 
58 49.34 537.64 6058.7 
35 80.98 333.19 3158.41 
0 0 177.84 3823.66 
2 18.63 -1 2506.06 
1 6.64 338.62 4727.44 
4 12.17 2572.91 6982.76 
20 60.48 1448.4 8360.8 
14 19.17 570.95 5554.79 
1 8.69 -1 2712.57 
0 0 415.11 3418.53 
-1 -1 161.9 -1 
6 23.63 712.74 9557 
170 83.69 1617.17 9371.69 
9 17.53 409.11 5287.25 
9 30.58 -1 3177.25 
48 56.01 -1 4550.97 
2 9.17 210.97 3425.98 
4 29.1 349.17 3673.53 
5 24 -1 3048.63 
4 21.54 113.07 4485.25 
2 8.86 793.23 3137.46 
1 8.35 66.79 1928.7 
3 24.75 1889.44 11105.61 
1 3.7 85.15 3457.98 
5 40.4 56.56 2108.75 
0 0 103.43 2712.74 
6 43.65 298.25 2880.63 
116 72.68 852.74 6184.09 
16 37.29 349.61 3920.29 
53 113.75 847.77 7632.05 
5 8.88 1075.77 5547.47 
4 35.43 79.71 4941.99 
30 26.68 534.46 6542.41 
227 182.78 2288.32 12328.9 
0 0 316.14 2746.83 
1 7.6 782.85 4263.89 
119 48.25 1807.31 6499.74 
9 34.61 30.76 2195.73 
0 0 -1 3254.28 
0 0 159.55 1671.48 
3 26.88 268.82 4068.1 
8 63.49 1007.94 5920.63 
-1 -1 44.32 -1 
0 0 578.26 7305.32 
4 11.64 267.64 4933.82 
17 89.3 -1 6345.87 
12 11.59 566.06 7883.27 
0 0 86.9 2056.58 
3 13.18 48.33 1818.82 
0 0 204.98 3093.72 
2 8 504.2 4957.98 
-1 -1 1581.25 -1 
2 9.44 80.26 2105.66 
3 11.39 170.78 2724.96 
36 111.28 234.92 8645.79 
5 9.94 79.56 2838.22 
17 63.75 952.56 5306.58 
160 85.99 1849.26 9547.28 
0 0 59.7 820.9 
10 19.67 572.35 5265.23 
14 26.51 1168.18 6013.22 
1 4.82 173.64 2295.86 
9 25.34 104.17 4099.33 
5 35.81 1289.31 6955.09 
-1 -1 147 -1 
3 24.48 220.3 4658.94 
6 32.14 -1 5200.58 
39 116.29 787.17 7391.62 
13 14.07 143.94 3498.99 
2 15.99 463.85 4526.55 
18 71.23 407.57 13627.73 
0 0 248.57 1464.56 
12 26.63 372.83 3295.53 
3 14.22 28.45 2204.52 
1 9.96 89.62 3355.91 
1 6.55 -1 1656.52 
17 61.82 385.5 3302.18 
8 24.17 241.68 2640.32 
7 36.83 352.5 3367.18 
25 43.28 361.82 4598.1 
55 47.34 1118.18 6251.13 
-1 -1 129.17 -1 
5 23.71 251.32 4846.13 
5 16.31 -1 2719.98 
2 16.66 149.98 2199.63 
4 25.17 295.76 2869.55 
0 0 272.83 1744.69 
4 13.67 167.41 1674.13 
9 30.63 1102.6 6333.16 
9 71.15 1083.09 10253.78 
5 19.36 863.57 5305.35 
31 70.06 596.65 9605.17 
1 5.82 139.76 1176.33 
6 34.53 828.73 6192.45 
0 0 455.62 3165.73 
3 7.78 59.64 2831.8 
2 5.13 939.47 4833.41 
6 23.59 1419.14 11671.52 
23 69.11 1577.48 12154.08 
59 50.35 1250.99 9531.77 
0 0 127.76 3080.42 
17 33.66 384.07 4329.75 
1 9.13 246.55 2100.26 
1 7.51 232.79 3101.3 
-1 -1 77.77 -1 
5 26.82 1163.91 6141.39 
4 19.77 682.12 2590.08 
9 77.4 395.6 5288.96 
8 60.41 1230.84 7332.18 
14 56.64 -1 4721.26 
6 35.48 76.88 1738.62 
512 82.25 966.16 7218.05 
9 24.35 1201.23 10253.77 
1 8.96 134.43 3826.85 
2 16.72 292.57 4848.28 
5 14.95 340.76 5153.19 
3 6.18 348.12 3804.64 
1 6.36 -1 5546.37 
1 4.47 22.33 1246.15 
0 0 244.05 4021.76 
2 7.97 171.38 3021.12 
4 5.23 -1 4248.06 
0 0 85.1 3009.44 
4 27.9 -1 2657.46 
5 40.44 121.32 4019.73 
50 27.1 483.47 3470.5 
21 33.95 161.68 2942.65 
6 25.01 -1 4205.39 
2 18.83 310.65 2776.99 
3 11.16 141.42 2508.28 
17 20.03 2065.29 7289.2 
82 205.85 1265.25 9165.54 
4 11.85 -1 4701.11 
13 29.28 617.09 6722.67 
6 20.92 90.66 2873.38 
1 8.97 -1 4414.54 
0 0 76.24 2639.86 
-1 -1 1938.17 -1 
1 6.85 219.16 1657.42 
5 17.43 1307.21 10938.75 
4 28.45 113.81 3151.23 
6 48.15 698.18 2760.61 
1 7.31 116.97 3136.19 
15 53.03 597.51 7265.59 
200 36.1 3048.38 9252.35 
81 110.38 720.85 4624.86 
0 0 83.27 4210.9 
15 125.93 444.97 7085.89 
6 32.97 186.81 5961.54 
7 52.59 1502.52 4492.52 
7 13.7 90.01 3254.08 
4 15.45 390.07 3873.63 
3 29.29 458.81 6696.6 
1 4.84 96.77 1437 
14 15.86 440.66 3533.2 
4 39.69 -1 1905.14 
27 98.45 3540.57 12185.96 
3 7.8 408.34 4390.35 
0 0 568.5 2796.81 
0 0 78.88 1507.45 
0 0 740.32 4533.66 
1 8.58 669.13 4520.89 
19 39.16 138.1 6113.32 
0 0 27.07 3789.93 
0 0 1029.02 6613.16 
59 90.58 2956.98 4214.39 
64 63.79 1625.6 11484.87 
3 25.52 1514.12 7655.67 
248 61.33 4026.59 13325.77 
12 28.34 -1 5662.74 
9 17.02 242.12 3514.55 
8 62.76 439.32 4950.18 
89 93.55 1432.64 -1 
0 0 243.53 3616.85 
64 47.23 1160.86 6844.87 
46 37.27 223.64 5202.98 
7 26.34 285.93 2840.48 
1 5.02 476.86 3915.27 
0 0 887.01 3202.46 
39 38.48 1155.27 6390.96 
6 34.29 800.14 7898.5 
18 53.18 499.32 4597.29 
6 23.71 383.23 5637.86 
16 43.19 89.07 879.92 
1 8.31 83.09 2908.18 
32 26.63 -1 3595.71 
5 16.49 -1 3432.7 
0 0 107.37 1250.55 
60 51.08 332.86 8062.76 
2 8.1 113.34 2388.28 
190 85.25 -1 6405.25 
5 7.99 487.27 2789.45 
0 0 1764.17 7210.03 
0 0 39.54 1333.11 
21 21.65 408.3 3967.5 
22 32.83 1707.41 5258.05 
0 0 106.6 2072.09 
6 23.38 487.18 8375.56 
7 21.11 -1 2907.82 
11 34.34 -1 6318.29 
0 0 297.32 3309.77 
3 24.59 131.14 1786.74 
-1 -1 759.91 -1 
2 6.66 13.32 1248.38 
7 19.27 231.23 2738.93 
27 50.67 540.49 5887.21 
10 15.9 1348.6 2899.17 
0 0 86.15 2940.5 
0 0 70.12 1843.04 
2 9.2 280.63 6817.87 
6 22.11 449.67 4743.65 
0 0 386.63 4490.84 
4 5.94 978.02 3076.53 
8 63.43 63.43 1791.94 
6 38.31 434.14 6748.39 
25 77.27 689.27 4280.9 
56 79.42 694.91 4887.04 
1 6.38 210.67 3255.87 
59 61.11 798.57 8426.98 
0 0 736.96 4186.91 
42 35.78 473.71 4686.81 
20 83.3 662.2 7933.86 
7 42.72 463.84 5932.26 
2 17.5 507.39 3927.92 
9 24 391.99 5037.2 
0 0 582.45 5599.33 
3 28.93 298.97 5111.39 
0 0 517.6 5458.31 
14 46.73 874.44 6244.58 
5 36.25 1790.5 10344.33 
3 22.21 651.61 2302.85 
54 50.61 -1 5473.6 
6 26.7 489.45 5753.31 
4 7.15 778.93 3115.73 
4 29.76 282.67 4202.93 
13 38.37 1230.71 6658.21 
0 0 -1 1570.48 
0 0 186.22 1935.36 
4 15.1 -1 6981.84 
0 0 110.86 3436.53 
24 20.8 340.63 4352.73 
3 15.15 -1 5594.26 
18 80.49 384.56 6255.87 
3 13.23 -1 4933.64 
17 19.62 -1 7928.05 
8 67.63 109.9 3998.65 
4 28.24 -1 4250.51 
15 97.51 208.02 3737.89 
1 9.58 1522.7 5420.42 
387 56.98 1681.08 8316.74 
1 5.2 62.43 1050.88 
2 15.22 30.44 2184.17 
1 5.22 323.35 1324.71 
6 25.42 881.06 5900.54 
6 6.35 579.84 3115.05 
12 32.5 1700.7 5291.66 
12 72.73 1339.48 5630.64 
0 0 165.71 2158.42 
-1 -1 527.37 -1 
13 39.07 261.47 3849.97 
3 9 300 7305.07 
1 9.39 234.68 4881.25 
0 0 462.84 3479.12 
0 0 706.19 -1 
6 22.2 1202.68 4888.43 
5 43.28 519.3 4102.48 
10 32.11 253.7 2957.71 
2 5.55 41.65 699.77 
23 173.47 -1 12994.95 
-1 -1 686.71 -1 
30 89.39 -1 5730.04 
8 12.16 541.12 4865.48 
79 123.9 611.64 4781.77 
8 35.02 595.42 6348.23 
16 43.31 343.81 5698.58 
3 10.93 648.57 4693.02 
13 36.62 543.6 3993.92 
14 23.68 470.21 2417 
0 0 272.91 5061.2 
59 25.97 2017.65 6265.54 
-1 -1 399.17 -1 
4 17.53 604.73 2502.19 
7 29.43 870.26 7470.78 
5 15.89 1404.47 7778.59 
22 43.33 145.74 5494.94 
42 48.44 811.92 6709.88 
-1 -1 -1 -1 
20 27.3 631.89 6142.86 
7 13.19 1164.57 5575.97 
3 24.18 56.43 1644.5 
6 38.87 129.56 2617.09 
4 27.11 291.41 1328.27 
0 0 199 1247.1 
15 74.39 -1 9427.69 
10 18.37 -1 3443.14 
0 0 471.89 3728.57 
63 38.11 1421.42 14206.91 
1 9.03 460.5 3033.86 
0 0 39.71 905.48 
-1 -1 761.6 -1 
1 4.99 369.08 3451.37 
6 46.24 208.06 2743.32 
5 38.66 278.38 2938.45 
8 28.4 330.1 5061.58 
13 41.85 367.02 9848.36 
1 4.44 248.69 1390 
19 11.85 303.7 4036.62 
11 25.61 221.18 3888.15 
7 18.08 -1 4080.37 
2 18.13 1759 10952.94 
21 70.78 903.3 7624.12 
3 5.59 -1 3048.42 
23 119.05 2008.28 5983.44 
15 38.38 570.65 5849.84 
2 7.18 82.59 2574.6 
0 0 179.06 2166.22 
7 20.01 1440.54 9049.08 
70 319.18 1199.22 7633.03 
16 28.06 270.09 2023.89 
25 57 449.15 6313.13 
0 0 115.14 2118.64 
10 18.92 1275.11 9192.55 
3 25.1 1204.92 6827.88 
2 6.6 290.39 6771.38 
9 17.63 284.04 5870.71 
0 0 514.54 3540.51 
1 4.35 69.59 1317.85 
10 18.59 513 5817.74 
-1 -1 816.58 -1 
3 12.81 469.8 4317.93 
10 36.55 694.37 4129.66 
2 13.86 277.22 4809.76 
13 67.63 239.32 6461.68 
284 160.23 813.57 6641.13 
0 0 632.63 4013.04 
1 8.95 178.97 3319.91 
60 99.44 1756.74 9363.76 
8 22.84 -1 7307.04 
2 6.67 173.3 1753.04 
0 0 -1 2173.78 
0 0 313.48 5919.23 
27 32.36 433.92 3846.57 
-1 -1 91.93 -1 
7 61.15 602.73 14142.21 
1 4.98 44.79 2662.35 
-1 -1 491.54 -1 
31 27.19 659.56 6668.42 
0 0 1292.78 7813.69 
1 5.01 150.18 2432.92 
5 15.76 349.87 2937.65 
15 54.46 279.55 2508.71 
11 88.39 739.25 8155.89 
0 0 284.75 8922.03 
21 16.55 822.7 8282.9 
335 94.42 1262.47 6896.95 
2 7.79 210.28 2675.23 
0 0 464.08 5286.86 
0 0 42.54 843.73 
5 6.72 205.68 3085.26 
1 2.06 896.83 3195.61 
27 26.62 383.57 4344.48 
1 5.37 75.22 3771.56 
10 19.13 1262.31 3798.41 
12 69.55 144.9 5633.8 
1 9.08 1425.33 9568.77 
2 6.76 1607.89 13200.92 
0 0 121.81 6164.6 
7 30.78 567.16 5355.02 
44 284.83 627.91 6194.98 
0 0 69.34 1032.44 
11 54.09 2586.29 5575.77 
0 0 235.59 3474.97 
27 35.04 -1 6241.16 
7 29.32 180.13 2836.08 
29 37.72 2682.28 11058.21 
0 0 16.92 516.16 
0 0 94.15 1253.38 
9 56.93 929.91 4067.56 
2 9.11 350.93 5660.38 
60 78.17 530.22 7817.87 
29 47.99 316.1 5085.73 
0 0 421.76 4484.42 
-1 -1 137.94 -1 
3 24.1 216.87 3935.74 
0 0 54.25 2242.31 
69 41.04 671.46 7617.37 
7 9.6 309.84 3644.04 
18 43.43 1095.4 6878.83 
-1 -1 106.23 -1 
-1 -1 123.33 -1 
2 7.51 -1 4012.32 
0 0 23.52 2014.66 
65 43.71 616.67 5849.28 
5 14.31 88.7 2500.79 
4 17.31 1129.23 4274.65 
1 3.43 58.23 1791.46 
9 33.71 1292.18 5775.5 
21 88.33 1013.71 9245.39 
1 3.24 103.65 2753.13 
132 58.99 1564.23 9600.36 
3 22.84 91.37 3114.06 
6 25.69 -1 6252.41 
0 0 125.67 2599.75 
3 29.26 -1 4827.86 
0 0 786.35 6424.63 
15 47.69 438.76 5118.91 
1 3.59 747.58 6954.68 
-1 -1 556.88 -1 
0 0 128.51 4467.18 
0 0 284.54 4599.99 
-1 -1 -1 -1 
38 138.92 1089.42 10956.35 
33 28.22 624.28 6481.43 
1 8.16 620.31 10218.74 
6 39.41 696.31 3461.87 
0 0 161.4 4152.3 
0 0 618.06 5799.2 
12 47.89 243.44 3412.22 
8 18.12 140.42 1929.7 
12 64.82 1199.16 8097.01 
74 26.1 -1 5913.55 
4 9.74 233.77 3284.96 
1 3.91 66.52 2246.14 
26 49.55 1964.89 5359.15 
0 0 521.89 3682.23 
8 52.87 455.99 5075.34 
8 17.04 -1 3814.37 
1 4.92 142.71 3110.08 
1 4.89 816.99 2739.59 
3 12.14 24.29 2724.37 
1 5.85 105.23 5092.08 
3 14.37 210.81 5442.7 
19 76.83 -1 3881.77 
5 48.87 87.96 2238.08 
16 35.26 315.14 2781.21 
3 7.96 230.76 5660.33 
73 56.52 493.93 5650.82 
267 70.5 3829.21 14679.18 
2 7.16 89.44 1595.59 
0 0 428.64 2913.4 
1 5.06 900.31 8203.94 
3 15.59 592.36 -1 
0 0 133.38 4662.49 
3 25.3 1054.23 4301.26 
0 0 232.83 2741.56 
0 0 450.75 4179.64 
231 55.04 1595.37 7757.66 
3 10.52 343.74 6674.85 
0 0 15.14 969 
4 25.76 399.28 7702.22 
27 48.51 551.55 4895.71 
-1 -1 2728.14 -1 
3 7.04 220.58 4878.56 
0 0 64.07 3198.79 
10 20.08 148.57 2640.19 
8 18.16 324.61 1602.62 
3 25.43 1305.64 8707.08 
2 14.69 286.49 4121.06 
40 75.9 865.28 7464.9 
16 35.54 1576.9 6603 
2 10.9 981.19 4175.52 
0 0 541.89 2179.74 
6 26.33 710.78 6471.57 
11 32.44 542.71 2498.23 
1 7.66 214.53 1126.26 
11 66.37 -1 11179.49 
9 76.9 76.9 1649.15 
3 25.12 108.87 2068.5 
3 21.85 276.81 27119.76 
1 7.44 141.44 2590.64 
1 9.48 237.1 1602.81 
2 4.33 223.06 3101.18 
21 52.81 809.72 5856.61 
2 14.87 208.13 2921.28 
49 40.77 249.62 3942.26 
25 46.26 1622.96 10389.18 
6 32.1 80.24 2086.23 
23 14.58 251.6 5041.57 
2 15.03 112.75 2322.61 
26 26.54 457.27 5078.95 
11 42.98 269.6 4821.63 
0 0 81.34 3280.91 
6 16.65 302.47 5236.28 
0 0 173.4 4704.46 
0 0 93.16 3421.94 
12 60.65 161.73 6135.65 
6 36.14 554.08 3860.52 
9 28.48 461.98 4768.53 
1 5.11 659.78 3145.46 
3 14.22 28.45 1858.44 
6 30.05 661.06 8268.23 
3 20.97 692.02 5647.98 
17 43.88 957.64 4811.44 
3 12.51 -1 2352.65 
21 56.63 447.63 6226.4 
20 38.38 293.63 5903.35 
28 57.56 515.95 7032.15 
5 27.89 278.88 3893.13 
9 28.84 -1 3839.37 
4 22.46 95.47 1173.76 
9 17.02 521.87 7345.85 
12 65.19 2210.88 12923.03 
61 37.74 1343.3 8405.06 
-1 -1 661.25 -1 
1 6.94 333.19 2950.16 
34 49.23 1461.01 7997.16 
1 6.29 339.84 4285.71 
13 40.31 1513.08 7255.36 
19 47.91 398.42 6667.17 
12 21.42 -1 2036.85 
2 14.97 44.92 1849.22 
2 10.25 446.04 4101.51 
6 39.98 1059.43 8049.04 
0 0 259.79 3878.89 
109 35.8 510.78 5965.75 
2 16.94 635.43 1914.77 
1 1.71 219.36 3689.74 
0 0 69.58 1469 
1 4.12 -1 1885.01 
3 13.96 255.89 2493.72 
2 13.16 243.47 3395.41 
1 7.34 -1 3244.99 
1 6.73 148.02 2354.84 
25 215.48 -1 4033.79 
44 74.13 303.26 4355.15 
11 30.08 246.09 4634.69 
14 46.54 611.64 6867.67 
214 76.26 792.93 9053.65 
0 0 -1 2487.48 
5 28.01 336.13 4711.48 
13 28.15 517.46 3570.27 
1 4.64 65.03 1467.72 
3 19.87 291.41 10404.66 
1 8.22 139.73 2885.09 
11 65.31 -1 5141.6 
24 26.92 1573.82 10452.52 
12 15.81 502.05 8631.03 
16 21.88 604.42 2998.85 
38 84 499.59 9100.96 
338 139.18 1636.75 7621.71 
10 32.29 80.73 2676.96 
20 62.34 377.16 2802.19 
1 8.43 320.4 4460.37 
10 55.38 -1 5703.84 
8 11.23 306.05 2754.42 
16 29.95 2493.17 7681.65 
3 27.95 -1 3046.68 
29 78.92 568.75 5284.79 
59 69.02 2089.28 9898.93 
2 11.17 122.88 4552.31 
3 27.83 194.82 5445.77 
2 15.33 30.66 5180.87 
13 61.85 214.08 7759.28 
29 26.27 430.31 4012.32 
1 7 413.19 5448.56 
95 52.08 430.93 3922.8 
48 65.32 1271.02 8434.49 
7 23.19 483.72 4346.82 
0 0 96.55 3325.09 
1 5.76 570.7 4767.39 
2 12.99 64.94 3987.53 
1 8.27 57.88 983.96 
84 149.46 1368.23 10780.37 
0 0 122.95 1134.97 
5 37.94 -1 2223.07 
12 54.66 264.2 4473.19 
3 21.86 233.22 2973.54 
0 0 591.05 3137.58 
8 41.06 549.22 7365.77 
2 16.08 64.3 1591.51 
10 12.48 496.56 5910.02 
9 75.29 2451.06 4810.11 
4 12.97 194.55 3842.41 
-1 -1 1911.64 -1 
6 18.48 1678.68 8987.86 
48 73.73 950.76 5320.55 
-1 -1 7.6 -1 
127 121.53 1308.07 7757.52 
23 118.99 331.11 2612.65 
3 9.86 1938.43 6814.07 
1 8.26 627.84 10698.06 
70 35.52 860.21 5422.59 
0 0 43.5 1822.05 
5 9.16 487.28 5006.5 
63 101.9 1285.83 5130.36 
29 80.06 113.19 2225.17 
0 0 47.11 2911.52 
0 0 421.34 2857.94 
0 0 296.26 4945.8 
0 0 49.63 1637.81 
0 0 94.16 3842.98 
1 2.92 878.96 4497.01 
3 21.86 480.87 2557.38 
63 52.32 1219.94 5828.13 
1 7.14 827.68 6243.31 
0 0 111.83 1888.03 
2 13.51 162.1 2512.49 
131 184.51 -1 7746.48 
80 71.4 1448.54 6903.54 
1 9.43 622.29 5921.18 
106 88.49 1218.85 4063.11 
14 77.12 1509.31 11402.45 
8 40.67 213.5 10009.15 
5 21.05 534.6 5880.62 
0 0 133.14 2135.59 
1 8.85 8.85 1044.06 
65 49.77 591.12 4872.89 
35 42.84 1141.93 9484.24 
114 113.81 491.18 4319.83 
-1 -1 1082.63 -1 
0 0 1590.48 7488.99 
26 28.41 1981.89 16092.17 
35 56.33 996.19 8001.67 
0 0 60.84 2138.2 
220 110.55 1291.41 10191.1 
13 67.26 -1 4045.94 
9 60.38 167.73 9111.04 
2 15.55 583.07 5690.74 
35 43.51 84.54 3252.32 
96 48.09 861.57 6852 
1 8.21 566.36 4399.57 
0 0 89.41 3111.59 
0 0 112.41 2242.52 
246 65.78 1682.47 7349.19 
2 18.43 82.95 1539.17 
3 14.76 -1 2982.14 
64 42.67 721.98 6100.46 
1 5.35 416.93 3752.41 
1 6.98 55.84 2450.09 
27 53.6 867.49 8234.24 
13 49.68 366.83 3148.64 
2 12.75 2052.79 7331.38 
1 5.87 399.23 4221.22 
1 7.17 43.01 1791.99 
25 137.64 765.29 6915.16 
0 0 186.52 2045.4 
3 20.29 243.47 3611.52 
1 4.25 229.44 5633.92 
656 132.51 1678.54 6534.58 
56 54.38 1684.94 5183.01 
8 33.81 -1 3034.53 
20 21.04 482.97 5454.72 
38 64.46 144.2 4906.1 
492 168.33 1091.39 5601.65 
17 51.49 196.89 4810.08 
4 21.02 157.66 3084.93 
0 0 112.63 788.39 
7 17.57 542.11 4223.97 
4 21.51 279.58 4946.5 
42 68.01 236.43 4516.38 
3 14.38 575.26 5690.32 
2 9.02 460.14 4682.64 
11 14.44 517.18 6195.61 
83 47.61 817.33 7045.06 
30 99.67 1122.96 10319.28 
9 30.67 1090.36 9138.61 
10 50.12 1047.46 8835.76 
18 44.06 176.25 3732.99 
27 28.11 214.51 4264.07 
47 121.27 864.36 4561.76 
200 45.88 286.27 4465.56 
1 2.05 260.89 5367.71 
2 12.49 480.89 4352.99 
309 28.46 1097.07 7817.4 
7 38.93 861.93 8013.12 
1 8.25 90.74 2408.84 
0 0 51.04 1173.9 
0 0 336.7 3661.62 
0 0 62.03 1036.87 
16 28.58 1496.64 6797.4 
3 14.1 930.28 4477.54 
3 18.62 155.14 1725.21 
4 33.57 478.35 2618.33 
9 25.03 136.28 4361.01 
7 43.29 408.19 2863.5 
31 49.21 1219.13 11175.31 
21 43.08 369.3 5030.67 
0 0 109.84 3617.46 
8 17.28 200.94 5237.34 
5 6.92 208.93 4426.27 
5 9.63 674.31 3941.82 
6 7.89 76.24 4083.91 
5 21.9 135.76 2583.75 
0 0 463.3 3096.81 
17 92.66 479.67 6230.24 
3 17.31 756.05 5430.83 
0 0 302.61 1681.16 
1 8.87 -1 2998.85 
8 43.44 1026.28 6798.44 
0 0 219.86 2682.26 
2 5.85 742.54 5712.28 
2 17.2 137.59 1642.45 
32 62.42 462.3 5670.54 
20 39.02 2678.55 12667.04 
6 25.9 189.92 4640.02 
0 0 127.67 1584 
29 62.86 901.76 7318.13 
34 27.35 624.31 2540.67 
33 38.1 952.59 6066.55 
0 0 81.17 2627.11 
5 41.96 243.35 2827.89 
2 7.98 99.77 2913.24 
-1 -1 5.35 -1 
0 0 -1 2793.99 
4 16.28 73.27 2377.37 
1 2.95 38.38 2323.73 
-1 -1 17.62 -1 
20 67.91 648.56 6648.56 
27 51.55 234.82 5064.91 
4 18.53 -1 4590.51 
1 7.43 156.08 1843.18 
2 11.76 488.03 4004.23 
11 13.67 272.13 5197.89 
7 47.83 444.17 7031.57 
6 19.56 404.15 3865.46 
6 11.57 -1 6702.13 
1 4.46 307.5 5699.9 
5 23.76 822.2 8787.61 
2 8.16 277.57 3188.02 
320 60.23 1399.84 10458.26 
11 18.14 -1 3043.84 
3 10.98 -1 2654.51 
-1 -1 1538.83 -1 
1 8.47 321.82 2879.4 
9 45.03 40.02 2496.5 
77 58.45 1248.05 5748.3 
10 19.76 -1 1077.03 
2 12.4 130.22 1674.21 
2 18.07 27.11 2683.9 
4 14.07 432.61 1540.52 
0 0 190.79 4180.84 
0 0 275.83 2314.09 
6 51.18 597.12 6218.54 
2 10.83 422.22 5591.64 
2 8.29 82.93 2550.07 
0 0 700.29 7333.64 
4 20.27 709.29 5314.62 
4 14.84 -1 3343.72 
6 32.79 426.25 2950.98 
0 0 13.07 3555.44 
9 25.12 605.74 3140.35 
0 0 113.2 2546.93 
8 29.01 -1 6366.7 
0 0 353.53 4070.92 
1 8.64 2333.62 7839.24 
1 1.73 180.36 4498.47 
3 14.8 172.63 4655.98 
0 0 1313.59 9503.66 
35 63.72 1691.21 9213.38 
7 26.23 741.91 10532.82 
0 0 216.85 3080.55 
1 7.37 73.73 1946.47 
3 15.22 324.66 2115.36 
2 12.57 43.98 1042.91 
2 14.57 254.93 3678.35 
19 48.11 255.74 3385.32 
16 43.05 492.4 6546.48 
15 35.71 228.53 3601.69 
5 21.66 485.18 2330.62 
-1 -1 1246.89 -1 
0 0 205.84 2024.11 
5 40.4 234.34 3434.34 
5 18.72 86.12 1748.67 
0 0 640.62 1623.79 
6 23.88 409.98 5835.29 
7 42.64 255.86 5111.18 
20 68.83 1996.15 5427.45 
27 98.76 288.98 7107.32 
2 10.96 372.56 3353.06 
6 26.9 228.66 4183.11 
10 18.92 285.73 5144.94 
0 0 46.85 3817.93 
0 0 132.87 1992.98 
34 56.06 545.75 7356.84 
2 16.55 124.1 5824.44 
8 21.77 353.83 4654.2 
1 7.85 691.17 5340.87 
20 66.11 918.89 8838.5 
