0.0907058
-0.0266435
-0.008186
0.15851
-0.102252
0.302825
-1.93255
0.052942
-0.00217536
0.0429997
-0.396025
-0.181704
-0.0160554
0.198269
-0.0569521
-0.00130973
-0.957397
-1.1673
-0.242113
0.457756
-0.00414286
-0.745349
0.154053
-0.0958746
0.110766
0.000527423
-0.00339614
0.659334
0.000993131
0.415008
-0.683745
-0.0104075
-2.98144
-0.0538899
-0.851167
-0.342278
0.0700626
0.639241
0.1649
-0.0415462
0.457321
-1.96332
-0.119554
-0.0167743
-2.6589
1.62613
-0.334748
-0.28271
1.09381
-0.213814
-0.290801
-0.339962
0.000819587
0.0734828
-1.04891
-0.286423
0.925249
0.168808
0.0162342
-0.211739
-0.0392765
0.225825
0.181286
0.192764
0.296465
-0.305953
-0.0736712
-0.0358044
-0.255652
-0.0179586
0.000570163
-0.0012298
0.104196
1.17391
-0.150241
0.24759
0.151576
-0.448159
-1.7843
-1.01617
0.0520611
0.231255
0.0963627
-0.39307
-0.0151087
0.0756941
0.0335778
0.250352
-0.691043
-0.201789
0.00322348
-0.00708372
-0.511783
0.18584
0.893345
-0.612261
-0.0259788
-0.118974
0.251219
-0.423378
-0.235545
-0.0212586
-0.316498
1.07034
0.0114271
-0.479635
0.158553
0.0799065
-0.0131732
-0.0136354
-0.840911
-0.0209015
0.0630973
1.23218
-0.0485765
0.334615
2.27999
-0.157424
0.364119
0.432962
-1.01952
-0.0373986
-0.548798
-0.0977765
-1.09244
0.0984626
2.9567
3.16836
0.0294732
-0.554977
-3.33577
0.293319
1.29183
-0.109844
-0.820644
-0.162754
0.0945018
1.01293
-0.385191
0.0128897
-0.0375748
-0.00313326
0.015134
0.62913
0.135369
0.157588
0.320069
0.619359
0.121826
-0.0560725
-0.263467
0.357026
0.412678
-0.240385
-0.388424
-0.248861
0.281265
0.21497
-0.0764761
-1.33115
-0.117175
-0.0942441
0.0102949
0.240899
-1.93706
-0.0236003
-0.130941
0.230292
2.80898
3.84848
0.837439
0.241729
-0.354512
0.160033
-0.32598
0.815042
0.493037
2.11326
-0.24326
-0.109627
0.175709
1.03562
-0.00448312
-0.194098
-0.250674
-0.000283356
0.319841
-0.538201
1.49479
0.15854
0.0400095
-0.115722
-0.0255894
0.143211
-0.0687315
-0.0416853
-0.50871
0.232348
-0.427647
2.08894
-0.0852699
-0.151733
0.160777
-0.586994
-0.0395788
-0.0221987
-0.755924
0.0607522
-1.63821e-005
0.477362
-0.0168984
0.6203
1.15283
0.243118
-0.771971
1.29651
-0.0114972
2.94663
-1.57897
-0.082084
0.111426
-0.0356969
-0.0779284
0.0109214
-0.000121801
-0.369069
-0.463641
5.37701
0.138859
0.189923
0.0681829
0.0362568
0.0759988
0.000295404
-0.673868
3.04334
1.36653
0.915146
-1.74478
0.502422
0.0445637
-0.127316
0.0420988
0.790748
-0.423521
0.26805
0.097317
3.10974
0.0215348
-0.447029
-0.00314333
-0.280398
-0.0767565
0.200267
0.249494
-0.615197
-0.265251
-0.598446
-0.356749
0.204696
0.15849
-0.283328
-0.210018
-0.349819
0.254245
-0.0302672
-0.710358
0.115304
0.267457
-3.32444
1.30016
0.143798
-0.0718609
-0.848004
-0.07056
0.230594
-1.18706
0.509101
0.00881489
2.33459
-0.224539
-0.112805
0.00186225
-0.538276
0.280426
-0.166941
0.168185
0.300123
0.039717
-0.413339
0.0705611
0.497255
-0.00169855
-0.104528
0.0757106
-0.776943
1.71429
-0.117213
0.269163
0.017263
-0.896459
0.0503015
-0.084944
1.23488
0.0120755
-1.76393
-0.141315
-0.0628348
-0.178161
0.197945
1.54944
-0.00897137
0.286294
0.0620244
-0.0579361
0.130468
-0.468413
1.27177
-1.28864
0.0394061
-0.13896
0.0398423
-0.221416
-0.378888
0.273393
-0.0792745
0.442322
-0.142306
0.846815
-1.5088
0.0887511
-0.344202
0.00229055
-0.2471
0.0231456
2.12268
-0.0770813
-0.165544
-0.256639
-0.191806
0.419592
-0.00794861
-0.586221
0.422458
-0.0037507
-0.232965
-2.03714
-0.83691
0.336636
-1.23849
-0.0663006
0.0657653
0.321247
-1.66822
0.423329
-0.0128802
0.0351116
-0.293923
1.89707
-0.181862
0.618167
0.0845808
0.287446
0.637894
0.4906
-0.00446103
0.675291
-0.782561
0.270892
0.0326957
-0.0170582
-0.0182107
-0.669604
0.219906
0.127281
0.196121
-0.0137184
0.001458
1.50503
-0.0698215
4.11223
-2.12198
4.01431
-0.00076571
-0.863513
-0.083566
0.124477
-0.135888
-0.117425
0.0937153
-0.134372
-2.96212
0.237046
-0.828564
-1.79171
3.55816
2.19172
0.386873
-0.0967937
-0.00989264
-0.0179975
0.00397695
2.72688
0.0919855
-0.204663
-0.191281
-0.00963258
0.778594
0.70429
0.109246
0.457315
-0.000656985
-0.00388955
0.267593
0.737488
-0.442437
-0.249449
-0.189979
0.697177
0.023152
-0.00630286
0.122891
-0.00465434
-1.0638
0.81774
-0.636463
0.408601
-1.79866
0.0135716
-0.0954781
-0.0570455
1.37217
0.379819
-0.133248
-0.0789423
-0.00464562
0.102004
-0.0313214
-0.0553154
-0.185599
-0.37211
-0.097786
0.00943739
0.067665
-0.241946
-0.213144
0.559826
-0.400059
0.0726709
0.152607
0.169248
0.0744083
0.673595
0.347592
-0.10533
0.567406
-0.00108843
0.00570612
0.478665
-0.355563
0.530447
0.246315
1.0329
-0.482569
0.103019
-0.729386
-0.137956
-0.662721
-6.22205
0.110992
-0.18024
-0.0555588
0.0680199
-0.452817
4.56542
0.658229
-0.0546007
-0.158293
-0.0701609
0.0220438
0.338087
0.302632
0.196888
-0.0439238
-0.015227
-0.0244356
0.00082961
-0.384179
-0.000555773
-0.0294049
-0.980704
0.174129
-0.0254839
-0.0126054
-0.079576
0.632318
0.591636
-0.359673
-0.223593
0.290628
0.739648
-1.24198
-0.0130295
-2.61976
-0.0554281
-0.238634
0.0065804
1.59042
0.0104923
-0.0634705
3.27836
-0.00404204
-2.59059
0.143478
0.158964
1.5156
0.0643389
-0.233929
0.0606966
-0.961914
-0.450111
-0.00132041
-1.19191
0.0764508
-0.203407
-0.0635428
0.231492
0.0234555
0.256002
-0.257356
-0.408605
-0.027764
-0.891758
-0.868288
-0.612964
0.00136751
0.786776
-0.780086
0.0936931
0.00959954
-0.00145073
0.480718
0.149415
-0.515755
0.00398761
0.0275472
6.83326
0.980272
-0.412168
-2.751
0.0348779
0.0915539
0.000396055
-0.711629
1.69856
0.371174
-0.0192505
-0.0415691
-0.610313
-0.000289664
0.273847
0.0488159
0.0234506
-0.917603
-0.267087
1.41
0.01914
0.0650932
0.976966
-0.477682
-0.750265
0.00335765
-0.185293
-0.138464
0.843931
-0.12078
0.554655
0.03028
-0.0659958
0.154422
4.84129
0.720237
0.0549537
-0.242061
5.41907
-1.03094
-0.766641
-0.568722
0.105399
-4.04678
0.213476
-0.177686
-0.367189
-1.18481
-0.273332
-0.242333
0.0960831
0.0266502
0.254673
-0.109092
0.385418
-0.278615
-0.323078
-0.0207352
0.060008
0.214626
-0.171082
0.532713
0.591256
-0.0332185
-0.0319421
0.0996394
-0.0456753
0.900378
-0.139642
-0.205175
0.00830977
0.594118
-3.728
0.266835
0.0448453
-0.0395977
0.114984
-0.0149421
2.31485
0.00367461
-0.21028
0.00310386
-0.376827
-0.0117427
-1.17109
-0.19115
-0.603528
0.230657
-0.496633
-0.443058
-0.565348
0.21329
0.147511
-0.0426718
0.104632
-0.0804498
-0.0276546
-0.154708
-0.0222373
0.47657
0.144181
0.650899
-1.87444
0.162727
-1.81813
0.000231998
0.121071
-0.016242
1.12313
-0.156653
-0.509886
-0.949615
-1.21093
-4.74436
0.0604108
-0.0386922
0.908206
-0.776547
0.17149
0.358277
0.0898874
-0.373969
0.0142002
-0.0478737
-0.00369244
-0.0478926
0.230978
0.124462
-0.477396
-0.0293012
-1.05367
-0.0666097
-0.362148
-0.304096
-0.299641
-0.334443
0.00696893
0.0177454
-0.0565698
0.673427
1.09906
0.0417092
0.0227899
-0.0537175
0.10088
0.0589558
0.249412
0.048791
0.0327005
-0.33799
-0.224397
-0.132382
0.150556
-0.0140563
0.0891373
-0.312624
-0.371061
-0.158233
-0.316682
1.35964
0.534313
0.194584
-0.0251301
0.264603
-1.69775
-0.910747
0.368316
-0.00837383
2.69186
0.217714
0.0228381
-0.056719
0.066442
0.0472566
-0.93914
0.747922
-0.0341597
0.43484
-0.0106083
0.531147
0.548382
-0.035829
-0.0966995
0.924786
-0.0664117
-0.0086795
-0.0238973
-0.931108
0.361743
0.0127373
-0.521322
-0.527085
-6.57112
-0.0278405
-0.357594
0.487183
0.000892528
0.868712
-0.0417364
0.13745
0.407603
0.0987066
-0.488947
0.940442
0.843858
-0.219694
-0.799934
-0.303666
0.987414
1.08027
0.0437917
0.0265442
-1.15414
0.194631
-0.153306
0.159133
0.106571
-0.742279
-0.28834
1.44176
0.00427005
-0.0922008
-0.610522
0.0144419
0.133362
0.101648
0.0505088
-1.35459
-0.0338933
0.00705159
-0.508759
-0.0281208
0.142284
0.923563
0.0229463
-2.77687
0.260614
0.596602
-0.0320768
1.22078
-0.481171
-2.22796
0.343552
-0.233815
0.454613
-0.071164
-0.0341883
-0.00109635
0.358015
0.212374
-1.62398
0.0424836
2.10469
-0.00146351
-0.0645503
0.0451459
0.280621
0.00941434
-0.240574
0.212966
0.011072
0.0783442
0.132677
0.776313
-0.0223388
0.0940424
0.549954
0.00171069
0.135489
-0.120853
0.110769
0.0204827
0.110205
-0.0163338
-0.058727
0.089672
-0.127297
-1.86325
0.941249
0.612671
0.0202726
-0.377476
-1.28938
0.229895
0.105682
-0.2604
0.0072455
1.50756
0.431531
0.175682
0.0780481
0.0361037
0.0114891
-0.146504
-0.764948
-0.224836
-0.105
-0.00520691
0.0276187
0.919783
0.0169979
-0.319296
1.5914
-0.460094
1.1486
-0.35094
-0.330451
-0.199033
-1.36832
0.0893193
0.00554694
1.68828
0.013818
0.786832
0.266134
-0.0260146
0.270019
-0.0887118
-0.00564905
-0.150062
0.00193907
0.631868
0.0191311
-0.529638
-1.72033
0.554883
0.0831817
-0.0198167
0.751016
0.0168246
-0.349733
-0.372548
0.392925
0.102006
0.0802915
-3.05903
1.34757
-0.29866
-1.25946
1.1499
0.022526
1.02631
0.00484902
0.270432
-0.000658175
-0.0253422
0.155172
-0.545726
0.309472
-0.035448
-0.0367862
0.9495
-0.114059
-0.471043
-5.61929
0.138961
0.125164
0.213365
-0.0111687
0.160385
-0.19229
0.0366023
0.28607
-0.488233
-0.0939596
-0.657943
-0.668929
0.526242
-0.0572895
-0.00406686
-0.0152251
-1.32989
-0.588519
-0.365367
-0.466197
-0.127254
1.13186
0.00405097
0.025135
-0.20108
0.0326988
0.619216
-0.766491
2.20429
0.0916916
0.0128822
-0.200283
-0.138402
-0.243751
0.155217
-1.69133
-0.0269239
0.154255
0.0735701
0.20646
-0.0324048
0.320424
0.460954
-0.353115
-0.180083
0.752198
1.1222
8.00432
1.73948
0.00244867
-0.1022
-1.50276
0.0638553
0.0591895
0.0907733
-0.133305
0.0164987
-0.0665641
-0.527012
-0.534774
-0.226084
0.00163994
0.124103
-0.321512
-0.00318291
0.0283774
-0.000623661
-0.0747328
0.405385
-0.0138283
0.286601
0.148859
-0.040497
-0.0126211
0.218158
-0.245469
0.0156789
0.00397504
-0.0582705
-0.738333
0.222442
-0.72176
-0.864186
-0.000150363
-0.382602
-0.78681
1.7655
0.253883
7.86171
-0.051189
0.523997
0.0898796
2.72338
-0.00472998
-0.532326
-0.119942
0.754314
-0.0381899
-0.0283428
