3.0 23 0 22.0 1.0 0.0 9 7.25 0 1 
1.0 51 1 38.0 1.0 0.0 8 71.2833 3 2 
3.0 22 1 26.0 0.0 0.0 16 7.925 0 1 
1.0 44 1 35.0 1.0 0.0 6 53.1 4 1 
3.0 24 0 35.0 0.0 0.0 6 8.05 0 1 
3.0 16 0 0.0 0.0 0.0 6 8.4583 0 3 
1.0 23 0 54.0 0.0 0.0 5 51.8625 3 1 
3.0 30 0 2.0 3.0 1.0 6 21.075 0 1 
3.0 49 1 27.0 0.0 2.0 6 11.1333 0 1 
2.0 35 1 14.0 1.0 0.0 6 30.0708 0 2 
3.0 31 1 4.0 1.0 1.0 7 16.7 2 1 
1.0 24 1 58.0 0.0 0.0 6 26.55 4 1 
3.0 30 0 20.0 0.0 0.0 9 8.05 0 1 
3.0 27 0 39.0 1.0 5.0 6 31.275 0 1 
3.0 36 1 14.0 0.0 0.0 6 7.8542 0 1 
2.0 32 1 55.0 0.0 0.0 6 16.0 0 1 
3.0 20 0 2.0 4.0 1.0 6 29.125 0 3 
2.0 28 0 0.0 0.0 0.0 6 13.0 0 1 
3.0 55 1 31.0 1.0 0.0 6 18.0 0 1 
3.0 23 1 0.0 0.0 0.0 4 7.225 0 2 
2.0 20 0 35.0 0.0 0.0 6 26.0 0 1 
2.0 21 0 34.0 0.0 0.0 6 13.0 3 1 
3.0 27 1 15.0 0.0 0.0 6 8.0292 0 3 
1.0 28 0 28.0 0.0 0.0 6 35.5 2 1 
3.0 29 1 8.0 3.0 1.0 6 21.075 0 1 
3.0 57 1 38.0 1.0 5.0 6 31.3875 0 1 
3.0 23 0 0.0 0.0 0.0 4 7.225 0 2 
1.0 30 0 19.0 3.0 2.0 5 263.0 11 1 
3.0 29 1 0.0 0.0 0.0 6 7.8792 0 3 
3.0 19 0 0.0 0.0 0.0 6 7.8958 0 1 
1.0 24 0 40.0 0.0 0.0 8 27.7208 0 2 
1.0 46 1 0.0 1.0 0.0 8 146.5208 3 2 
3.0 24 1 0.0 0.0 0.0 6 7.75 0 3 
2.0 21 0 66.0 0.0 0.0 10 10.5 0 1 
1.0 23 0 28.0 1.0 0.0 8 82.1708 0 2 
1.0 30 0 42.0 1.0 0.0 6 52.0 0 1 
3.0 16 0 0.0 0.0 0.0 4 7.2292 0 2 
3.0 24 0 21.0 0.0 0.0 10 8.05 0 1 
3.0 34 1 18.0 2.0 0.0 6 18.0 0 1 
3.0 27 1 14.0 1.0 0.0 4 11.2417 0 2 
3.0 46 1 40.0 1.0 0.0 4 9.475 0 1 
2.0 56 1 27.0 1.0 0.0 5 21.0 0 1 
3.0 19 0 0.0 0.0 0.0 6 7.8958 0 2 
2.0 40 1 3.0 1.0 2.0 13 41.5792 0 2 
3.0 29 1 19.0 0.0 0.0 6 7.8792 0 3 
3.0 24 0 0.0 0.0 0.0 15 8.05 0 1 
3.0 17 0 0.0 1.0 0.0 6 15.5 0 3 
3.0 25 1 0.0 0.0 0.0 5 7.75 0 3 
3.0 19 0 0.0 2.0 0.0 4 21.6792 0 2 
3.0 45 1 18.0 1.0 0.0 6 17.8 0 1 
3.0 26 0 7.0 4.0 1.0 7 39.6875 0 1 
3.0 28 0 21.0 0.0 0.0 10 7.8 0 1 
1.0 40 1 49.0 1.0 0.0 8 76.7292 3 2 
2.0 50 1 29.0 1.0 0.0 4 26.0 0 1 
1.0 30 0 65.0 0.0 1.0 6 61.9792 3 2 
1.0 17 0 0.0 0.0 0.0 5 35.5 3 1 
2.0 17 1 21.0 0.0 0.0 10 10.5 0 1 
3.0 19 0 28.5 0.0 0.0 4 7.2292 0 2 
2.0 28 1 5.0 1.0 2.0 10 27.75 0 1 
3.0 34 0 11.0 5.0 2.0 7 46.9 0 1 
3.0 21 0 22.0 0.0 0.0 4 7.2292 0 2 
1.0 19 1 38.0 0.0 0.0 6 80.0 3 0 
1.0 27 0 45.0 1.0 0.0 5 83.475 3 1 
3.0 21 0 4.0 3.0 2.0 6 27.9 0 1 
1.0 21 0 0.0 0.0 0.0 8 27.7208 0 2 
3.0 24 0 0.0 1.0 1.0 4 15.2458 0 2 
2.0 28 1 29.0 0.0 0.0 10 10.5 3 1 
3.0 24 0 19.0 0.0 0.0 9 8.1583 0 1 
3.0 31 1 17.0 4.0 2.0 7 7.925 0 1 
3.0 17 0 26.0 2.0 0.0 6 8.6625 0 1 
2.0 26 0 32.0 0.0 0.0 10 10.5 0 1 
3.0 26 1 16.0 5.0 2.0 7 46.9 0 1 
2.0 20 0 21.0 0.0 0.0 12 73.5 0 1 
3.0 27 0 26.0 1.0 0.0 4 14.4542 0 2 
3.0 13 0 32.0 0.0 0.0 4 56.4958 0 1 
3.0 23 0 25.0 0.0 0.0 6 7.65 5 1 
3.0 17 0 0.0 0.0 0.0 6 7.8958 0 1 
3.0 24 0 0.0 0.0 0.0 6 8.05 0 1 
2.0 29 0 0.83 0.0 2.0 6 29.0 0 1 
3.0 24 1 30.0 0.0 0.0 6 12.475 0 1 
3.0 20 0 22.0 0.0 0.0 6 9.0 0 1 
3.0 27 0 29.0 0.0 0.0 6 9.5 0 1 
3.0 30 1 0.0 0.0 0.0 6 7.7875 0 3 
1.0 23 0 28.0 0.0 0.0 6 47.1 0 1 
2.0 19 1 17.0 0.0 0.0 10 10.5 0 1 
3.0 55 1 33.0 3.0 0.0 7 15.85 0 1 
3.0 22 0 16.0 1.0 3.0 10 34.375 0 1 
3.0 29 0 0.0 0.0 0.0 15 8.05 0 1 
1.0 26 1 23.0 3.0 2.0 5 263.0 11 1 
3.0 22 0 24.0 0.0 0.0 6 8.05 0 1 
3.0 20 0 29.0 0.0 0.0 6 8.05 0 1 
3.0 26 0 20.0 0.0 0.0 6 7.8542 0 1 
1.0 27 0 46.0 1.0 0.0 11 61.175 3 1 
3.0 23 0 26.0 1.0 2.0 9 20.575 0 1 
3.0 17 0 59.0 0.0 0.0 6 7.25 0 1 
3.0 27 0 0.0 0.0 0.0 6 8.05 0 1 
1.0 25 0 71.0 0.0 0.0 8 34.6542 2 2 
1.0 31 0 23.0 0.0 1.0 8 63.3583 7 2 
2.0 36 1 34.0 0.0 1.0 6 23.0 0 1 
2.0 17 0 34.0 1.0 0.0 6 26.0 0 1 
3.0 23 1 28.0 0.0 0.0 6 7.8958 0 1 
3.0 32 0 0.0 0.0 0.0 6 7.8958 0 1 
1.0 25 0 21.0 0.0 1.0 5 77.2875 3 1 
3.0 26 0 33.0 0.0 0.0 4 8.6542 0 1 
3.0 30 0 37.0 2.0 0.0 7 7.925 0 1 
3.0 21 0 28.0 0.0 0.0 6 7.8958 0 1 
3.0 32 1 21.0 0.0 0.0 6 7.65 0 1 
3.0 22 0 0.0 0.0 0.0 6 7.775 0 1 
3.0 15 0 38.0 0.0 0.0 6 7.8958 0 1 
3.0 19 1 0.0 1.0 0.0 6 24.15 0 3 
1.0 30 0 47.0 0.0 0.0 6 52.0 4 1 
3.0 20 1 14.5 1.0 0.0 4 14.4542 0 2 
3.0 22 0 22.0 0.0 0.0 6 8.05 0 1 
3.0 23 1 20.0 1.0 0.0 4 9.825 0 1 
3.0 21 1 17.0 0.0 0.0 4 14.4583 0 2 
3.0 21 0 21.0 0.0 0.0 17 7.925 0 1 
3.0 20 0 70.5 0.0 0.0 6 7.75 0 3 
2.0 31 0 29.0 1.0 0.0 5 21.0 0 1 
1.0 24 0 24.0 0.0 1.0 8 247.5208 7 2 
3.0 33 1 2.0 4.0 2.0 6 31.275 0 1 
2.0 27 0 21.0 2.0 0.0 12 73.5 0 1 
3.0 26 0 0.0 0.0 0.0 9 8.05 0 1 
2.0 20 0 32.5 1.0 0.0 6 30.0708 0 2 
2.0 19 1 32.5 0.0 0.0 5 13.0 4 1 
1.0 27 0 54.0 0.0 1.0 5 77.2875 3 1 
3.0 28 0 12.0 1.0 0.0 4 11.2417 0 2 
3.0 19 0 0.0 0.0 0.0 6 7.75 0 3 
3.0 25 0 24.0 0.0 0.0 7 7.1417 0 1 
3.0 17 1 0.0 1.0 1.0 4 22.3583 5 2 
3.0 18 0 45.0 0.0 0.0 6 6.975 0 1 
3.0 20 0 33.0 0.0 0.0 6 7.8958 0 2 
3.0 30 0 20.0 0.0 0.0 18 7.05 0 1 
3.0 46 1 47.0 1.0 0.0 9 14.5 0 1 
2.0 45 1 29.0 1.0 0.0 6 26.0 0 1 
2.0 30 0 25.0 0.0 0.0 10 13.0 0 1 
2.0 18 0 23.0 0.0 0.0 13 15.0458 0 2 
1.0 28 1 19.0 0.0 2.0 5 26.2833 3 1 
1.0 27 0 37.0 1.0 0.0 6 53.1 4 1 
3.0 19 0 16.0 0.0 0.0 4 9.2167 0 1 
1.0 18 0 24.0 0.0 0.0 8 79.2 3 2 
3.0 29 1 0.0 0.0 2.0 4 15.2458 0 2 
3.0 24 1 22.0 0.0 0.0 6 7.75 0 1 
3.0 52 1 24.0 1.0 0.0 16 15.85 0 1 
3.0 19 0 19.0 0.0 0.0 6 6.75 0 3 
2.0 26 0 18.0 0.0 0.0 6 11.5 0 1 
2.0 28 0 19.0 1.0 1.0 10 36.75 0 1 
3.0 44 0 27.0 0.0 0.0 6 7.7958 0 1 
3.0 32 1 9.0 2.0 2.0 10 34.375 0 1 
2.0 40 0 36.5 0.0 2.0 6 26.0 2 1 
2.0 33 0 42.0 0.0 0.0 6 13.0 0 1 
2.0 26 0 51.0 0.0 0.0 11 12.525 0 1 
1.0 33 1 22.0 1.0 0.0 6 66.6 2 1 
3.0 16 0 55.5 0.0 0.0 10 8.05 0 1 
3.0 31 0 40.5 0.0 2.0 8 14.5 0 1 
3.0 21 0 0.0 0.0 0.0 9 7.3125 0 1 
1.0 27 0 51.0 0.0 1.0 8 61.3792 0 2 
3.0 32 1 16.0 0.0 0.0 5 7.7333 0 3 
3.0 15 0 30.0 0.0 0.0 15 8.05 0 1 
3.0 19 0 0.0 0.0 0.0 6 8.6625 0 1 
3.0 26 0 0.0 8.0 2.0 8 69.55 0 1 
3.0 24 0 44.0 0.0 1.0 6 16.1 0 1 
2.0 50 1 40.0 0.0 0.0 10 15.75 0 1 
3.0 26 0 26.0 0.0 0.0 6 7.775 0 1 
3.0 15 0 17.0 0.0 0.0 6 8.6625 0 1 
3.0 28 0 1.0 4.0 1.0 7 39.6875 0 1 
3.0 47 0 9.0 0.0 2.0 6 20.525 0 1 
1.0 38 1 0.0 0.0 1.0 6 55.0 3 1 
3.0 47 1 45.0 1.0 4.0 6 27.9 0 1 
1.0 19 0 0.0 0.0 0.0 8 25.925 0 1 
3.0 13 0 28.0 0.0 0.0 4 56.4958 0 1 
1.0 25 0 61.0 0.0 0.0 6 33.5 3 1 
3.0 20 0 4.0 4.0 1.0 6 29.125 0 3 
3.0 28 1 1.0 1.0 1.0 6 11.1333 0 1 
3.0 25 0 21.0 0.0 0.0 17 7.925 0 1 
1.0 23 0 56.0 0.0 0.0 5 30.6958 2 2 
3.0 22 0 18.0 1.0 1.0 6 7.8542 0 1 
3.0 29 0 0.0 3.0 1.0 4 25.4667 0 1 
1.0 26 1 50.0 0.0 0.0 8 28.7125 3 2 
2.0 18 0 30.0 0.0 0.0 6 13.0 0 1 
3.0 19 0 36.0 0.0 0.0 4 0.0 0 1 
3.0 28 1 0.0 8.0 2.0 8 69.55 0 1 
2.0 16 0 0.0 0.0 0.0 13 15.05 0 2 
3.0 37 0 9.0 4.0 2.0 6 31.3875 0 1 
2.0 25 0 1.0 2.0 1.0 6 39.0 2 1 
3.0 35 1 4.0 0.0 2.0 6 22.025 0 1 
1.0 21 0 0.0 0.0 0.0 6 50.0 3 1 
3.0 47 1 0.0 1.0 0.0 6 15.5 0 3 
1.0 45 0 45.0 0.0 0.0 6 26.55 0 1 
3.0 16 0 40.0 1.0 1.0 6 15.5 0 3 
3.0 19 0 36.0 0.0 0.0 6 7.8958 0 1 
2.0 19 1 32.0 0.0 0.0 6 13.0 0 1 
2.0 21 0 19.0 0.0 0.0 5 13.0 0 1 
3.0 47 1 19.0 1.0 0.0 6 7.8542 0 1 
2.0 26 0 3.0 1.0 1.0 6 26.0 2 1 
1.0 41 1 44.0 0.0 0.0 8 27.7208 2 2 
1.0 20 1 58.0 0.0 0.0 8 146.5208 3 2 
3.0 19 0 0.0 0.0 0.0 6 7.75 0 3 
3.0 32 0 42.0 0.0 1.0 4 8.4042 0 1 
3.0 32 1 0.0 0.0 0.0 6 7.75 0 3 
2.0 38 1 24.0 0.0 0.0 6 13.0 0 1 
3.0 30 0 28.0 0.0 0.0 6 9.5 0 1 
3.0 19 0 0.0 8.0 2.0 8 69.55 0 1 
3.0 26 0 34.0 0.0 0.0 7 6.4958 0 1 
3.0 20 0 45.5 0.0 0.0 4 7.225 0 2 
3.0 24 0 18.0 0.0 0.0 8 8.05 0 1 
3.0 26 1 2.0 0.0 1.0 6 10.4625 2 1 
3.0 26 0 32.0 1.0 0.0 7 15.85 0 1 
3.0 27 0 26.0 0.0 0.0 4 18.7875 0 2 
3.0 25 1 16.0 0.0 0.0 6 7.75 0 3 
1.0 16 0 40.0 0.0 0.0 6 31.0 3 2 
3.0 14 0 24.0 0.0 0.0 18 7.05 0 1 
2.0 26 1 35.0 0.0 0.0 12 21.0 0 1 
3.0 22 0 22.0 0.0 0.0 9 7.25 0 1 
2.0 27 0 30.0 0.0 0.0 6 13.0 0 1 
3.0 19 0 0.0 1.0 0.0 6 7.75 0 3 
1.0 23 1 31.0 1.0 0.0 5 113.275 3 2 
3.0 22 1 27.0 0.0 0.0 16 7.925 0 1 
2.0 28 0 42.0 1.0 0.0 6 27.0 0 1 
1.0 21 1 32.0 0.0 0.0 5 76.2917 3 2 
2.0 18 0 30.0 0.0 0.0 9 10.5 0 1 
3.0 30 0 16.0 0.0 0.0 15 8.05 0 1 
2.0 20 0 27.0 0.0 0.0 6 13.0 0 1 
3.0 23 0 51.0 0.0 0.0 5 8.05 0 1 
3.0 20 0 0.0 0.0 0.0 6 7.8958 0 1 
1.0 28 0 38.0 1.0 0.0 5 90.0 3 1 
3.0 28 0 22.0 0.0 0.0 7 9.35 0 1 
2.0 25 0 19.0 0.0 0.0 9 10.5 0 1 
3.0 31 0 20.5 0.0 0.0 9 7.25 0 1 
2.0 25 0 18.0 0.0 0.0 6 13.0 0 1 
3.0 23 1 0.0 3.0 1.0 4 25.4667 0 1 
1.0 44 1 35.0 1.0 0.0 5 83.475 3 1 
3.0 24 0 29.0 0.0 0.0 6 7.775 0 1 
2.0 25 0 59.0 0.0 0.0 6 13.5 0 1 
3.0 30 1 5.0 4.0 2.0 6 31.3875 0 1 
2.0 33 0 24.0 0.0 0.0 10 10.5 0 1 
3.0 28 1 0.0 0.0 0.0 10 7.55 0 1 
2.0 17 0 44.0 1.0 0.0 5 26.0 0 1 
2.0 32 1 8.0 0.0 2.0 10 26.25 0 1 
2.0 31 0 19.0 0.0 0.0 5 10.5 0 1 
2.0 22 0 33.0 0.0 0.0 10 12.275 0 1 
3.0 21 1 0.0 1.0 0.0 4 14.4542 0 2 
3.0 30 1 0.0 1.0 0.0 6 15.5 0 3 
2.0 31 0 29.0 0.0 0.0 11 10.5 0 1 
3.0 29 0 22.0 0.0 0.0 17 7.125 0 1 
3.0 20 0 30.0 0.0 0.0 4 7.225 0 2 
1.0 27 0 44.0 2.0 0.0 5 90.0 3 3 
3.0 37 1 25.0 0.0 0.0 6 7.775 0 1 
2.0 31 1 24.0 0.0 2.0 6 14.5 0 1 
1.0 29 0 37.0 1.0 1.0 5 52.5542 3 1 
2.0 29 0 54.0 1.0 0.0 6 26.0 0 1 
3.0 22 0 0.0 0.0 0.0 6 7.25 0 1 
3.0 42 1 29.0 1.0 1.0 6 10.4625 2 1 
1.0 25 0 62.0 0.0 0.0 6 26.55 3 1 
3.0 24 0 30.0 1.0 0.0 9 16.1 0 1 
3.0 40 1 41.0 0.0 2.0 6 20.2125 0 1 
3.0 39 1 29.0 0.0 2.0 4 15.2458 0 2 
1.0 30 1 0.0 0.0 0.0 8 79.2 0 2 
1.0 20 1 30.0 0.0 0.0 6 86.5 3 1 
1.0 16 1 35.0 0.0 0.0 8 512.3292 0 2 
2.0 27 1 50.0 0.0 1.0 6 26.0 0 1 
3.0 17 0 0.0 0.0 0.0 6 7.75 0 3 
3.0 33 0 3.0 4.0 2.0 6 31.3875 0 1 
1.0 17 0 52.0 1.0 1.0 6 79.65 3 1 
1.0 21 0 40.0 0.0 0.0 6 0.0 3 1 
3.0 18 1 0.0 0.0 0.0 6 7.75 0 3 
2.0 17 0 36.0 0.0 0.0 10 10.5 0 1 
3.0 25 0 16.0 4.0 1.0 7 39.6875 0 1 
3.0 24 0 25.0 1.0 0.0 6 7.775 0 1 
1.0 45 1 58.0 0.0 1.0 8 153.4625 4 1 
1.0 22 1 35.0 0.0 0.0 8 135.6333 3 1 
1.0 21 0 0.0 0.0 0.0 6 31.0 0 1 
3.0 28 0 25.0 0.0 0.0 4 0.0 0 1 
2.0 41 1 41.0 0.0 1.0 6 19.5 0 1 
1.0 21 0 37.0 0.0 1.0 8 29.7 4 2 
3.0 26 1 0.0 0.0 0.0 6 7.75 0 3 
1.0 33 1 63.0 1.0 0.0 5 77.9583 2 1 
3.0 33 1 45.0 0.0 0.0 6 7.75 0 1 
2.0 27 0 0.0 0.0 0.0 6 0.0 0 1 
3.0 18 0 7.0 4.0 1.0 6 29.125 0 3 
3.0 32 1 35.0 1.0 1.0 9 20.25 0 1 
3.0 16 0 65.0 0.0 0.0 6 7.75 0 3 
3.0 32 0 28.0 0.0 0.0 6 7.8542 0 1 
3.0 25 0 16.0 0.0 0.0 6 9.5 0 1 
3.0 26 0 19.0 0.0 0.0 10 8.05 0 1 
1.0 26 0 0.0 0.0 0.0 6 26.0 3 1 
3.0 19 0 33.0 0.0 0.0 6 8.6625 0 2 
3.0 23 0 30.0 0.0 0.0 6 9.5 0 1 
3.0 20 0 22.0 0.0 0.0 6 7.8958 0 1 
2.0 20 0 42.0 0.0 0.0 6 13.0 0 1 
3.0 20 1 22.0 0.0 0.0 6 7.75 0 3 
1.0 28 1 26.0 0.0 0.0 5 78.85 0 1 
1.0 39 1 19.0 1.0 0.0 5 91.0792 3 2 
2.0 22 0 36.0 0.0 0.0 13 12.875 1 2 
3.0 19 1 24.0 0.0 0.0 6 8.85 0 1 
3.0 16 0 24.0 0.0 0.0 6 7.8958 0 1 
1.0 17 0 0.0 0.0 0.0 8 27.7208 0 2 
3.0 18 0 23.5 0.0 0.0 4 7.2292 0 2 
1.0 28 1 2.0 1.0 2.0 6 151.55 7 1 
1.0 21 0 0.0 0.0 0.0 5 30.5 4 1 
1.0 47 1 50.0 0.0 1.0 8 247.5208 7 2 
3.0 40 1 0.0 0.0 0.0 4 7.75 0 3 
3.0 18 0 0.0 2.0 0.0 6 23.25 0 3 
3.0 31 0 19.0 0.0 0.0 4 0.0 0 1 
2.0 19 1 0.0 0.0 0.0 6 12.35 4 3 
3.0 33 0 0.0 0.0 0.0 8 8.05 0 1 
1.0 30 0 0.92 1.0 2.0 6 151.55 7 1 
1.0 23 1 0.0 0.0 0.0 5 110.8833 0 2 
1.0 82 1 17.0 1.0 0.0 8 108.9 3 2 
2.0 19 0 30.0 1.0 0.0 9 24.0 0 2 
1.0 30 1 30.0 0.0 0.0 8 56.9292 3 2 
1.0 30 1 24.0 0.0 0.0 5 83.1583 3 2 
1.0 26 1 18.0 2.0 2.0 8 262.375 15 2 
2.0 37 1 26.0 1.0 1.0 6 26.0 0 1 
3.0 22 0 28.0 0.0 0.0 6 7.8958 0 1 
2.0 18 0 43.0 1.0 1.0 12 26.25 0 1 
3.0 31 1 26.0 0.0 0.0 6 7.8542 0 1 
2.0 35 1 24.0 1.0 0.0 6 26.0 0 1 
2.0 20 0 54.0 0.0 0.0 5 14.0 0 1 
1.0 24 1 31.0 0.0 2.0 5 164.8667 2 1 
1.0 56 1 40.0 1.0 1.0 5 134.5 3 2 
3.0 18 0 22.0 0.0 0.0 9 7.25 0 1 
3.0 16 0 27.0 0.0 0.0 6 7.8958 0 1 
2.0 25 1 30.0 0.0 0.0 6 12.35 0 3 
2.0 51 1 22.0 1.0 1.0 6 29.0 0 1 
3.0 24 0 0.0 8.0 2.0 8 69.55 0 1 
1.0 24 1 36.0 0.0 0.0 8 135.6333 3 2 
3.0 25 0 61.0 0.0 0.0 6 6.2375 0 1 
2.0 23 1 36.0 0.0 0.0 5 13.0 1 1 
3.0 46 1 31.0 1.0 1.0 6 20.525 0 1 
1.0 28 1 16.0 0.0 1.0 6 57.9792 3 2 
3.0 18 1 0.0 2.0 0.0 6 23.25 0 3 
1.0 19 0 45.5 0.0 0.0 6 28.5 4 1 
1.0 25 0 38.0 0.0 1.0 8 153.4625 3 1 
3.0 31 0 16.0 2.0 0.0 6 18.0 0 1 
1.0 50 1 0.0 1.0 0.0 8 133.65 0 1 
3.0 18 0 0.0 0.0 0.0 6 7.8958 0 1 
1.0 25 0 29.0 1.0 0.0 6 66.6 2 1 
1.0 31 1 41.0 0.0 0.0 5 134.5 3 2 
3.0 21 0 45.0 0.0 0.0 4 8.05 0 1 
1.0 28 0 45.0 0.0 0.0 6 35.5 1 1 
2.0 30 0 2.0 1.0 1.0 6 26.0 2 1 
1.0 30 1 24.0 3.0 2.0 5 263.0 11 1 
2.0 26 0 28.0 0.0 0.0 6 13.0 0 1 
2.0 42 0 25.0 0.0 0.0 6 13.0 0 1 
2.0 23 0 36.0 0.0 0.0 6 13.0 0 1 
2.0 29 1 24.0 0.0 0.0 6 13.0 3 1 
2.0 25 1 40.0 0.0 0.0 5 13.0 0 1 
3.0 41 1 0.0 1.0 0.0 6 16.1 0 1 
3.0 38 0 3.0 1.0 1.0 10 15.9 0 1 
3.0 16 0 42.0 0.0 0.0 6 8.6625 0 1 
3.0 22 0 23.0 0.0 0.0 4 9.225 0 1 
1.0 38 0 0.0 0.0 0.0 6 35.0 4 1 
3.0 18 0 15.0 1.0 1.0 4 7.2292 0 2 
3.0 25 0 25.0 1.0 0.0 6 17.8 0 1 
3.0 17 0 0.0 0.0 0.0 4 7.225 0 2 
3.0 27 0 28.0 0.0 0.0 6 9.5 0 1 
1.0 27 1 22.0 0.0 1.0 6 55.0 3 1 
2.0 25 1 38.0 0.0 0.0 6 13.0 0 1 
3.0 20 1 0.0 0.0 0.0 6 7.8792 0 3 
3.0 33 1 0.0 0.0 0.0 6 7.8792 0 3 
3.0 18 0 40.0 1.0 4.0 6 27.9 0 1 
2.0 25 0 29.0 1.0 0.0 13 27.7208 0 2 
3.0 31 1 45.0 0.0 1.0 4 14.4542 0 2 
3.0 15 0 35.0 0.0 0.0 18 7.05 0 1 
3.0 19 0 0.0 1.0 0.0 6 15.5 0 3 
3.0 30 0 30.0 0.0 0.0 6 7.25 0 1 
1.0 48 1 60.0 1.0 0.0 6 75.25 3 2 
3.0 30 1 0.0 0.0 0.0 4 7.2292 0 2 
3.0 19 1 0.0 0.0 0.0 5 7.75 0 3 
1.0 29 1 24.0 0.0 0.0 8 69.3 3 2 
1.0 27 0 25.0 1.0 0.0 5 55.4417 3 2 
3.0 25 0 18.0 1.0 0.0 7 6.4958 0 1 
3.0 26 0 19.0 0.0 0.0 6 8.05 0 1 
1.0 19 0 22.0 0.0 0.0 8 135.6333 0 2 
3.0 26 1 3.0 3.0 1.0 6 21.075 0 1 
1.0 37 1 0.0 1.0 0.0 8 82.1708 0 2 
3.0 31 1 22.0 0.0 0.0 6 7.25 0 1 
1.0 25 0 27.0 0.0 2.0 6 211.5 3 2 
3.0 19 0 20.0 0.0 0.0 4 4.0125 0 2 
3.0 27 0 19.0 0.0 0.0 6 7.775 0 1 
1.0 21 1 42.0 0.0 0.0 8 227.525 0 2 
3.0 27 1 1.0 0.0 2.0 4 15.7417 0 2 
3.0 18 0 32.0 0.0 0.0 17 7.925 0 1 
1.0 51 1 35.0 1.0 0.0 6 52.0 0 1 
3.0 22 0 0.0 0.0 0.0 6 7.8958 0 1 
2.0 25 0 18.0 0.0 0.0 12 73.5 0 1 
3.0 31 0 1.0 5.0 2.0 7 46.9 0 1 
2.0 16 1 36.0 0.0 0.0 5 13.0 0 1 
3.0 20 0 0.0 0.0 0.0 6 7.7292 0 3 
2.0 21 1 17.0 0.0 0.0 7 12.0 0 2 
1.0 26 0 36.0 1.0 2.0 6 120.0 7 1 
3.0 22 0 21.0 0.0 0.0 6 7.7958 0 1 
3.0 28 0 28.0 2.0 0.0 7 7.925 0 1 
1.0 22 1 23.0 1.0 0.0 5 113.275 3 2 
3.0 51 1 24.0 0.0 2.0 7 16.7 2 1 
3.0 19 0 22.0 0.0 0.0 6 7.7958 0 1 
3.0 19 1 31.0 0.0 0.0 6 7.8542 0 1 
2.0 23 0 46.0 0.0 0.0 5 26.0 0 1 
2.0 16 0 23.0 0.0 0.0 6 10.5 0 1 
2.0 32 1 28.0 0.0 0.0 6 12.65 0 1 
3.0 18 0 39.0 0.0 0.0 17 7.925 0 1 
3.0 15 0 26.0 0.0 0.0 6 8.05 0 1 
3.0 24 1 21.0 1.0 0.0 4 9.825 0 1 
3.0 30 0 28.0 1.0 0.0 16 15.85 0 1 
3.0 23 1 20.0 0.0 0.0 6 8.6625 0 1 
2.0 18 0 34.0 1.0 0.0 5 21.0 0 1 
3.0 32 0 51.0 0.0 0.0 6 7.75 0 1 
2.0 30 0 3.0 1.0 1.0 5 18.75 0 1 
3.0 33 0 21.0 0.0 0.0 6 7.775 0 1 
3.0 18 1 0.0 3.0 1.0 4 25.4667 0 1 
3.0 18 0 0.0 0.0 0.0 6 7.8958 0 1 
3.0 15 0 0.0 0.0 0.0 6 6.8583 0 3 
1.0 22 1 33.0 1.0 0.0 5 90.0 3 3 
2.0 30 0 0.0 0.0 0.0 6 0.0 0 1 
3.0 25 0 44.0 0.0 0.0 17 7.925 0 1 
3.0 39 1 0.0 0.0 0.0 6 8.05 0 1 
2.0 47 1 34.0 1.0 1.0 5 32.5 0 1 
2.0 29 1 18.0 0.0 2.0 6 13.0 0 1 
2.0 26 0 30.0 0.0 0.0 5 13.0 0 1 
3.0 25 1 10.0 0.0 2.0 6 24.15 0 1 
3.0 22 0 0.0 0.0 0.0 6 7.8958 0 2 
3.0 19 0 21.0 0.0 0.0 10 7.7333 0 3 
3.0 18 0 29.0 0.0 0.0 6 7.875 0 1 
3.0 54 1 28.0 1.0 1.0 6 14.4 0 1 
3.0 27 0 18.0 1.0 1.0 6 20.2125 0 1 
3.0 22 0 0.0 0.0 0.0 10 7.25 0 1 
2.0 43 1 28.0 1.0 0.0 4 26.0 0 1 
2.0 67 1 19.0 0.0 0.0 6 26.0 0 1 
3.0 16 0 0.0 0.0 0.0 6 7.75 0 3 
3.0 34 0 32.0 0.0 0.0 17 8.05 3 1 
1.0 41 0 28.0 0.0 0.0 6 26.55 3 1 
3.0 49 1 0.0 1.0 0.0 6 16.1 0 1 
2.0 51 1 42.0 1.0 0.0 10 26.0 0 1 
3.0 26 0 17.0 0.0 0.0 17 7.125 0 1 
1.0 25 0 50.0 1.0 0.0 5 55.9 3 1 
1.0 25 1 14.0 1.0 2.0 6 120.0 7 1 
3.0 36 1 21.0 2.0 2.0 10 34.375 0 1 
2.0 37 1 24.0 2.0 3.0 5 18.75 0 1 
1.0 17 0 64.0 1.0 4.0 5 263.0 11 1 
2.0 38 0 31.0 0.0 0.0 10 10.5 0 1 
2.0 43 1 45.0 1.0 1.0 12 26.25 0 1 
3.0 15 0 20.0 0.0 0.0 6 9.5 0 1 
3.0 25 0 25.0 1.0 0.0 6 7.775 0 1 
2.0 25 1 28.0 0.0 0.0 6 13.0 0 1 
3.0 33 0 0.0 0.0 0.0 5 8.1125 0 1 
1.0 25 0 4.0 0.0 2.0 5 81.8583 3 1 
2.0 33 1 13.0 0.0 1.0 6 19.5 0 1 
1.0 27 0 34.0 0.0 0.0 6 26.55 0 1 
3.0 30 1 5.0 2.0 1.0 4 19.2583 0 2 
1.0 30 0 52.0 0.0 0.0 6 30.5 4 1 
2.0 21 0 36.0 1.0 2.0 10 27.75 0 1 
3.0 31 0 0.0 1.0 0.0 5 19.9667 0 1 
1.0 31 0 30.0 0.0 0.0 6 27.75 4 2 
1.0 24 0 49.0 1.0 0.0 5 89.1042 3 2 
3.0 19 0 0.0 0.0 0.0 8 8.05 0 1 
3.0 18 0 29.0 0.0 0.0 6 7.8958 0 2 
1.0 25 0 65.0 0.0 0.0 5 26.55 3 1 
1.0 33 1 0.0 1.0 0.0 5 51.8625 3 1 
2.0 19 1 50.0 0.0 0.0 12 10.5 0 1 
3.0 21 0 0.0 0.0 0.0 6 7.75 0 3 
1.0 19 0 48.0 0.0 0.0 5 26.55 3 1 
3.0 19 0 34.0 0.0 0.0 6 8.05 0 1 
1.0 17 0 47.0 0.0 0.0 6 38.5 3 1 
2.0 28 0 48.0 0.0 0.0 6 13.0 0 1 
3.0 18 0 0.0 0.0 0.0 8 8.05 0 1 
3.0 31 0 38.0 0.0 0.0 18 7.05 0 1 
2.0 21 0 0.0 0.0 0.0 6 0.0 0 1 
1.0 26 0 56.0 0.0 0.0 6 26.55 0 1 
3.0 18 0 0.0 0.0 0.0 5 7.725 0 3 
3.0 29 1 0.75 2.0 1.0 4 19.2583 0 2 
3.0 17 0 0.0 0.0 0.0 6 7.25 0 1 
3.0 15 0 38.0 0.0 0.0 6 8.6625 0 1 
2.0 39 1 33.0 1.0 2.0 10 27.75 0 1 
2.0 44 1 23.0 0.0 0.0 15 13.7917 1 2 
3.0 27 1 22.0 0.0 0.0 4 9.8375 0 1 
1.0 27 0 0.0 0.0 0.0 6 52.0 3 1 
2.0 23 0 34.0 1.0 0.0 5 21.0 0 1 
3.0 25 0 29.0 1.0 0.0 4 7.0458 0 1 
3.0 25 0 22.0 0.0 0.0 6 7.5208 0 1 
3.0 24 1 2.0 0.0 1.0 7 12.2875 0 1 
3.0 30 0 9.0 5.0 2.0 7 46.9 0 1 
2.0 32 0 0.0 0.0 0.0 6 0.0 0 1 
3.0 24 0 50.0 0.0 0.0 8 8.05 0 1 
3.0 22 1 63.0 0.0 0.0 4 9.5875 0 1 
1.0 23 0 25.0 1.0 0.0 5 91.0792 3 2 
3.0 22 1 0.0 3.0 1.0 4 25.4667 0 1 
1.0 47 1 35.0 1.0 0.0 5 90.0 3 1 
1.0 23 0 58.0 0.0 0.0 5 29.7 3 2 
3.0 29 0 30.0 0.0 0.0 10 8.05 0 1 
3.0 37 0 9.0 1.0 1.0 10 15.9 0 1 
3.0 36 0 0.0 1.0 0.0 5 19.9667 0 1 
3.0 19 0 21.0 0.0 0.0 16 7.25 0 1 
1.0 26 0 55.0 0.0 0.0 6 30.5 3 1 
1.0 23 0 71.0 0.0 0.0 8 49.5042 0 2 
3.0 26 0 21.0 0.0 0.0 9 8.05 0 1 
3.0 21 0 0.0 0.0 0.0 4 14.4583 0 2 
1.0 30 1 54.0 1.0 0.0 5 78.2667 3 2 
3.0 31 0 0.0 0.0 0.0 9 15.1 0 1 
1.0 47 1 25.0 1.0 2.0 6 151.55 7 1 
3.0 18 0 24.0 0.0 0.0 6 7.7958 0 1 
3.0 16 0 17.0 0.0 0.0 6 8.6625 0 1 
3.0 19 1 21.0 0.0 0.0 6 7.75 0 3 
3.0 30 1 0.0 0.0 0.0 6 7.6292 0 3 
3.0 30 1 37.0 0.0 0.0 4 9.5875 0 1 
1.0 21 1 16.0 0.0 0.0 6 86.5 3 1 
1.0 42 0 18.0 1.0 0.0 8 108.9 3 2 
2.0 45 1 33.0 0.0 2.0 5 26.0 0 1 
1.0 45 0 0.0 0.0 0.0 6 26.55 0 1 
3.0 24 0 28.0 0.0 0.0 6 22.525 0 1 
3.0 14 0 26.0 0.0 0.0 4 56.4958 0 1 
3.0 24 0 29.0 0.0 0.0 6 7.75 0 3 
3.0 17 0 0.0 0.0 0.0 16 8.05 0 1 
1.0 25 0 36.0 0.0 0.0 8 26.2875 3 1 
1.0 46 1 54.0 1.0 0.0 8 59.4 0 2 
3.0 17 0 24.0 0.0 0.0 6 7.4958 0 1 
1.0 28 0 47.0 0.0 0.0 5 34.0208 3 1 
2.0 28 1 34.0 0.0 0.0 10 10.5 3 1 
3.0 17 0 0.0 0.0 0.0 6 24.15 0 3 
2.0 52 1 36.0 1.0 0.0 6 26.0 0 1 
3.0 19 0 32.0 0.0 0.0 6 7.8958 0 1 
1.0 21 1 30.0 0.0 0.0 5 93.5 3 1 
3.0 15 0 22.0 0.0 0.0 6 7.8958 0 1 
3.0 18 0 0.0 0.0 0.0 4 7.225 0 2 
1.0 47 1 44.0 0.0 1.0 6 57.9792 3 2 
3.0 17 0 0.0 0.0 0.0 4 7.2292 0 2 
3.0 18 0 40.5 0.0 0.0 6 7.75 0 3 
2.0 20 1 50.0 0.0 0.0 11 10.5 0 1 
1.0 18 0 0.0 0.0 0.0 8 221.7792 3 1 
3.0 25 0 39.0 0.0 0.0 7 7.925 0 1 
2.0 27 0 23.0 2.0 1.0 5 11.5 0 1 
2.0 24 1 2.0 1.0 1.0 5 26.0 0 1 
3.0 17 0 0.0 0.0 0.0 4 7.2292 0 2 
3.0 20 0 17.0 1.0 1.0 4 7.2292 0 2 
3.0 38 1 0.0 0.0 2.0 4 22.3583 0 2 
3.0 19 1 30.0 0.0 0.0 6 8.6625 0 1 
2.0 22 1 7.0 0.0 2.0 12 26.25 0 1 
1.0 33 0 45.0 0.0 0.0 6 26.55 3 1 
1.0 19 1 30.0 0.0 0.0 8 106.425 0 2 
3.0 24 0 0.0 0.0 0.0 6 14.5 0 1 
1.0 34 1 22.0 0.0 2.0 5 49.5 3 2 
1.0 23 1 36.0 0.0 2.0 9 71.0 3 1 
3.0 36 1 9.0 4.0 2.0 6 31.275 0 1 
3.0 33 1 11.0 4.0 2.0 6 31.275 0 1 
2.0 17 0 32.0 1.0 0.0 4 26.0 0 1 
1.0 26 0 50.0 1.0 0.0 8 106.425 3 2 
1.0 28 0 64.0 0.0 0.0 3 26.0 0 1 
2.0 33 1 19.0 1.0 0.0 4 26.0 0 1 
2.0 26 0 0.0 0.0 0.0 13 13.8625 0 2 
3.0 25 0 33.0 1.0 1.0 6 20.525 0 1 
2.0 30 0 8.0 1.0 1.0 10 36.75 0 1 
1.0 27 0 17.0 0.0 2.0 5 110.8833 3 2 
2.0 27 0 27.0 0.0 0.0 6 26.0 0 1 
3.0 20 0 0.0 0.0 0.0 6 7.8292 0 3 
3.0 33 0 22.0 0.0 0.0 4 7.225 0 2 
3.0 18 1 22.0 0.0 0.0 6 7.775 0 1 
1.0 18 0 62.0 0.0 0.0 6 26.55 0 1 
1.0 65 1 48.0 1.0 0.0 5 39.6 3 2 
1.0 19 0 0.0 0.0 0.0 8 227.525 0 2 
1.0 38 1 39.0 1.0 1.0 6 79.65 3 1 
3.0 44 1 36.0 1.0 0.0 6 17.4 0 1 
3.0 24 0 0.0 0.0 0.0 6 7.75 0 3 
3.0 17 0 40.0 0.0 0.0 6 7.8958 0 1 
2.0 26 0 28.0 0.0 0.0 6 13.5 0 1 
3.0 17 0 0.0 0.0 0.0 15 8.05 0 1 
3.0 30 1 0.0 0.0 0.0 17 8.05 0 1 
3.0 20 0 24.0 2.0 0.0 9 24.15 0 1 
3.0 20 0 19.0 0.0 0.0 6 7.8958 0 1 
3.0 43 1 29.0 0.0 4.0 6 21.075 0 1 
3.0 19 0 0.0 0.0 0.0 4 7.2292 0 2 
3.0 17 0 32.0 0.0 0.0 6 7.8542 0 1 
2.0 18 0 62.0 0.0 0.0 11 10.5 0 1 
1.0 45 1 53.0 2.0 0.0 5 51.4792 4 1 
1.0 32 0 36.0 0.0 0.0 8 26.3875 3 1 
3.0 17 1 0.0 0.0 0.0 5 7.75 0 3 
3.0 28 0 16.0 0.0 0.0 10 8.05 0 1 
3.0 20 0 19.0 0.0 0.0 6 14.5 0 1 
2.0 20 1 34.0 0.0 0.0 6 13.0 0 1 
1.0 41 1 39.0 1.0 0.0 5 55.9 3 1 
3.0 32 1 0.0 1.0 0.0 4 14.4583 0 2 
3.0 19 0 32.0 0.0 0.0 17 7.925 0 1 
2.0 27 1 25.0 1.0 1.0 6 30.0 0 1 
1.0 52 1 39.0 1.0 1.0 5 110.8833 3 2 
2.0 26 0 54.0 0.0 0.0 5 26.0 0 1 
1.0 19 0 36.0 0.0 0.0 5 40.125 3 2 
3.0 19 0 0.0 0.0 0.0 4 8.7125 0 2 
1.0 19 1 18.0 0.0 2.0 6 79.65 3 1 
2.0 23 0 47.0 0.0 0.0 6 15.0 0 1 
1.0 32 0 60.0 1.0 1.0 5 79.2 3 2 
3.0 21 0 22.0 0.0 0.0 5 8.05 0 1 
3.0 19 0 0.0 0.0 0.0 10 8.05 0 1 
3.0 20 0 35.0 0.0 0.0 17 7.125 0 1 
1.0 47 1 52.0 1.0 0.0 5 78.2667 3 2 
3.0 26 0 47.0 0.0 0.0 8 7.25 0 1 
3.0 18 1 0.0 0.0 2.0 6 7.75 0 3 
2.0 23 0 37.0 1.0 0.0 11 26.0 0 1 
3.0 27 0 36.0 1.0 1.0 6 24.15 0 1 
2.0 26 1 0.0 0.0 0.0 6 33.0 0 1 
3.0 19 0 49.0 0.0 0.0 4 0.0 0 1 
3.0 17 0 0.0 0.0 0.0 4 7.225 0 2 
1.0 44 0 49.0 1.0 0.0 8 56.9292 3 2 
2.0 51 1 24.0 2.0 1.0 6 27.0 0 1 
3.0 20 0 0.0 0.0 0.0 6 7.8958 0 1 
1.0 25 0 0.0 0.0 0.0 6 42.4 0 1 
3.0 25 0 44.0 0.0 0.0 6 8.05 0 1 
1.0 31 0 35.0 0.0 0.0 6 26.55 0 2 
3.0 29 0 36.0 1.0 0.0 6 15.55 0 1 
3.0 17 0 30.0 0.0 0.0 6 7.8958 0 1 
1.0 27 0 27.0 0.0 0.0 6 30.5 0 1 
2.0 53 1 22.0 1.0 2.0 13 41.5792 0 2 
1.0 25 1 40.0 0.0 0.0 8 153.4625 4 1 
3.0 57 1 39.0 1.0 5.0 6 31.275 0 1 
3.0 21 0 0.0 0.0 0.0 18 7.05 0 1 
3.0 27 1 0.0 1.0 0.0 6 15.5 0 3 
3.0 16 0 0.0 0.0 0.0 6 7.75 0 3 
3.0 31 0 35.0 0.0 0.0 6 8.05 0 1 
2.0 19 1 24.0 1.0 2.0 6 65.0 0 1 
3.0 25 0 34.0 1.0 1.0 6 14.4 0 1 
3.0 47 1 26.0 1.0 0.0 9 16.1 0 1 
2.0 27 1 4.0 2.0 1.0 6 39.0 2 1 
2.0 19 0 26.0 0.0 0.0 5 10.5 0 1 
3.0 19 0 27.0 1.0 0.0 4 14.4542 0 2 
1.0 28 0 42.0 1.0 0.0 5 52.5542 3 1 
3.0 16 0 20.0 1.0 1.0 4 15.7417 0 2 
3.0 27 0 21.0 0.0 0.0 6 7.8542 0 1 
3.0 27 0 21.0 0.0 0.0 5 16.1 0 1 
1.0 21 0 61.0 0.0 0.0 5 32.3208 3 1 
2.0 30 0 57.0 0.0 0.0 6 12.35 0 3 
1.0 29 1 21.0 0.0 0.0 5 77.9583 2 1 
3.0 25 0 26.0 0.0 0.0 6 7.8958 0 1 
3.0 24 0 0.0 0.0 0.0 6 7.7333 0 3 
1.0 36 0 80.0 0.0 0.0 5 30.0 3 1 
3.0 27 0 51.0 0.0 0.0 6 7.0542 0 1 
1.0 25 0 32.0 0.0 0.0 5 30.5 3 2 
1.0 29 0 0.0 0.0 0.0 6 0.0 0 1 
3.0 18 1 9.0 3.0 2.0 6 27.9 0 1 
2.0 17 1 28.0 0.0 0.0 6 13.0 0 1 
3.0 26 0 32.0 0.0 0.0 17 7.925 0 1 
2.0 19 0 31.0 1.0 1.0 10 26.25 0 1 
3.0 38 1 41.0 0.0 5.0 7 39.6875 0 1 
3.0 26 0 0.0 1.0 0.0 6 16.1 0 1 
3.0 22 0 20.0 0.0 0.0 6 7.8542 0 1 
1.0 20 1 24.0 0.0 0.0 8 69.3 3 2 
3.0 29 1 2.0 3.0 2.0 6 27.9 0 1 
3.0 15 0 0.0 0.0 0.0 4 56.4958 0 1 
3.0 22 1 0.75 2.0 1.0 4 19.2583 0 2 
1.0 25 0 48.0 1.0 0.0 8 76.7292 3 2 
3.0 17 0 19.0 0.0 0.0 6 7.8958 0 1 
1.0 35 0 56.0 0.0 0.0 5 35.5 3 2 
3.0 18 0 0.0 0.0 0.0 13 7.55 0 1 
3.0 31 1 23.0 0.0 0.0 8 7.55 0 1 
3.0 17 0 0.0 0.0 0.0 6 7.8958 0 1 
2.0 19 1 18.0 0.0 1.0 6 23.0 0 1 
3.0 30 0 21.0 0.0 0.0 4 8.4333 0 1 
3.0 29 1 0.0 0.0 0.0 6 7.8292 0 3 
3.0 28 1 18.0 0.0 0.0 6 6.75 0 3 
2.0 25 0 24.0 2.0 0.0 12 73.5 0 1 
3.0 21 0 0.0 0.0 0.0 6 7.8958 0 1 
3.0 29 1 32.0 1.0 1.0 6 15.5 0 3 
2.0 28 0 23.0 0.0 0.0 5 13.0 0 1 
1.0 26 0 58.0 0.0 2.0 5 113.275 3 2 
1.0 29 0 50.0 2.0 0.0 8 133.65 0 1 
3.0 17 0 40.0 0.0 0.0 4 7.225 0 2 
1.0 26 0 47.0 0.0 0.0 4 25.5875 3 1 
3.0 16 0 36.0 0.0 0.0 6 7.4958 0 1 
3.0 27 0 20.0 1.0 0.0 17 7.925 0 1 
2.0 18 0 32.0 2.0 0.0 12 73.5 0 1 
2.0 27 0 25.0 0.0 0.0 6 13.0 0 1 
3.0 26 0 0.0 0.0 0.0 6 7.775 0 1 
3.0 15 0 43.0 0.0 0.0 8 8.05 0 1 
1.0 49 1 0.0 1.0 0.0 5 52.0 4 1 
2.0 61 1 40.0 1.0 1.0 5 39.0 0 1 
1.0 22 0 31.0 1.0 0.0 10 52.0 3 1 
2.0 27 0 70.0 0.0 0.0 10 10.5 0 1 
2.0 21 0 31.0 0.0 0.0 6 13.0 0 1 
2.0 26 0 0.0 0.0 0.0 6 0.0 0 1 
3.0 30 0 18.0 0.0 0.0 6 7.775 0 1 
3.0 29 0 24.5 0.0 0.0 6 8.05 0 1 
3.0 23 1 18.0 0.0 0.0 4 9.8417 0 1 
3.0 39 1 43.0 1.0 6.0 7 46.9 0 1 
1.0 34 0 36.0 0.0 1.0 8 512.3292 11 2 
3.0 19 1 0.0 0.0 0.0 6 8.1375 0 3 
1.0 18 0 27.0 0.0 0.0 8 76.7292 3 2 
3.0 27 0 20.0 0.0 0.0 4 9.225 0 1 
3.0 27 0 14.0 5.0 2.0 7 46.9 0 1 
2.0 33 0 60.0 1.0 1.0 5 39.0 0 1 
2.0 38 0 25.0 1.0 2.0 13 41.5792 0 2 
3.0 24 0 14.0 4.0 1.0 7 39.6875 0 1 
3.0 17 0 19.0 0.0 0.0 6 10.1708 0 1 
3.0 31 0 18.0 0.0 0.0 6 7.7958 0 1 
1.0 33 1 15.0 0.0 1.0 5 211.3375 2 1 
1.0 23 0 31.0 1.0 0.0 5 57.0 3 1 
3.0 18 1 4.0 0.0 1.0 6 13.4167 0 2 
3.0 12 0 0.0 0.0 0.0 4 56.4958 0 1 
3.0 16 0 25.0 0.0 0.0 4 7.225 0 2 
1.0 15 0 60.0 0.0 0.0 6 26.55 0 1 
2.0 26 0 52.0 0.0 0.0 6 13.5 0 1 
3.0 16 0 44.0 0.0 0.0 6 8.05 0 1 
3.0 32 1 0.0 0.0 0.0 5 7.7333 0 3 
1.0 24 0 49.0 1.0 1.0 5 110.8833 3 2 
3.0 40 0 42.0 0.0 0.0 6 7.65 5 1 
1.0 49 1 18.0 1.0 0.0 8 227.525 7 2 
1.0 32 0 35.0 0.0 0.0 8 26.2875 3 1 
3.0 21 1 18.0 0.0 1.0 4 14.4542 0 2 
3.0 21 0 25.0 0.0 0.0 5 7.7417 0 3 
3.0 23 0 26.0 1.0 0.0 6 7.8542 0 1 
2.0 46 0 39.0 0.0 0.0 6 26.0 0 1 
2.0 29 1 45.0 0.0 0.0 6 13.5 0 1 
1.0 33 0 42.0 0.0 0.0 8 26.2875 3 1 
1.0 20 1 22.0 0.0 0.0 6 151.55 0 1 
3.0 49 0 0.0 1.0 1.0 4 15.2458 0 2 
1.0 48 1 24.0 0.0 0.0 8 49.5042 3 2 
1.0 18 0 0.0 0.0 0.0 6 26.55 4 1 
1.0 24 0 48.0 1.0 0.0 5 52.0 4 1 
3.0 26 0 29.0 0.0 0.0 4 9.4833 0 1 
2.0 21 0 52.0 0.0 0.0 6 13.0 0 1 
3.0 42 0 19.0 0.0 0.0 6 7.65 5 1 
1.0 29 1 38.0 0.0 0.0 8 227.525 3 2 
2.0 35 1 27.0 0.0 0.0 5 10.5 4 1 
3.0 19 0 0.0 0.0 0.0 5 15.5 0 3 
3.0 28 0 33.0 0.0 0.0 6 7.775 0 1 
2.0 33 1 6.0 0.0 1.0 6 33.0 0 1 
3.0 25 0 17.0 1.0 0.0 6 7.0542 0 1 
2.0 28 0 34.0 0.0 0.0 5 13.0 0 1 
2.0 23 0 50.0 0.0 0.0 6 13.0 0 1 
1.0 29 0 27.0 1.0 0.0 6 53.1 2 1 
3.0 19 0 20.0 0.0 0.0 6 8.6625 0 1 
2.0 43 1 30.0 3.0 0.0 5 21.0 0 1 
3.0 24 1 0.0 0.0 0.0 5 7.7375 0 3 
2.0 31 0 25.0 1.0 0.0 6 26.0 0 1 
3.0 29 1 25.0 1.0 0.0 16 7.925 0 1 
1.0 29 1 29.0 0.0 0.0 5 211.3375 2 1 
3.0 24 0 11.0 0.0 0.0 4 18.7875 0 2 
2.0 20 0 0.0 0.0 0.0 6 0.0 0 1 
2.0 26 0 23.0 0.0 0.0 5 13.0 0 1 
2.0 28 0 23.0 0.0 0.0 6 13.0 0 1 
3.0 20 0 28.5 0.0 0.0 5 16.1 0 1 
3.0 39 1 48.0 1.0 3.0 10 34.375 0 1 
1.0 22 0 35.0 0.0 0.0 8 512.3292 4 2 
3.0 18 0 0.0 0.0 0.0 6 7.8958 0 1 
3.0 18 0 0.0 0.0 0.0 6 7.8958 0 1 
1.0 27 0 0.0 0.0 0.0 5 30.0 3 1 
1.0 29 0 36.0 1.0 0.0 5 78.85 3 1 
1.0 37 1 21.0 2.0 2.0 8 262.375 15 2 
3.0 17 0 24.0 1.0 0.0 6 16.1 0 1 
3.0 18 0 31.0 0.0 0.0 17 7.925 0 1 
1.0 28 0 70.0 1.0 1.0 9 71.0 3 1 
3.0 27 0 16.0 1.0 1.0 9 20.25 0 1 
2.0 21 1 30.0 0.0 0.0 6 13.0 0 1 
1.0 25 0 19.0 1.0 0.0 6 53.1 3 1 
3.0 23 0 31.0 0.0 0.0 6 7.75 0 3 
2.0 17 1 4.0 1.0 1.0 5 23.0 0 1 
3.0 19 0 6.0 0.0 1.0 6 12.475 4 1 
3.0 32 0 33.0 0.0 0.0 6 9.5 0 1 
3.0 18 0 23.0 0.0 0.0 6 7.8958 0 1 
2.0 32 1 48.0 1.0 2.0 6 65.0 0 1 
2.0 25 0 0.67 1.0 1.0 6 14.5 0 1 
3.0 28 0 28.0 0.0 0.0 6 7.7958 0 1 
2.0 24 0 18.0 0.0 0.0 5 11.5 0 1 
3.0 28 0 34.0 0.0 0.0 6 8.05 0 1 
1.0 56 1 33.0 0.0 0.0 6 86.5 3 1 
3.0 18 0 0.0 0.0 0.0 6 14.5 0 1 
3.0 30 0 41.0 0.0 0.0 16 7.125 0 1 
3.0 21 0 20.0 0.0 0.0 4 7.2292 0 2 
1.0 41 1 36.0 1.0 2.0 6 120.0 7 1 
3.0 22 0 16.0 0.0 0.0 6 7.775 0 1 
1.0 36 1 51.0 1.0 0.0 5 77.9583 3 1 
1.0 25 0 0.0 0.0 0.0 6 39.6 0 2 
3.0 18 1 30.5 0.0 0.0 6 7.75 0 3 
3.0 19 0 0.0 1.0 0.0 6 24.15 0 3 
3.0 32 0 32.0 0.0 0.0 4 8.3625 0 1 
3.0 22 0 24.0 0.0 0.0 6 9.5 0 1 
3.0 23 0 48.0 0.0 0.0 6 7.8542 0 1 
2.0 17 1 57.0 0.0 0.0 11 10.5 3 1 
3.0 15 0 0.0 0.0 0.0 4 7.225 0 2 
2.0 37 1 54.0 1.0 3.0 5 23.0 0 1 
3.0 39 0 18.0 0.0 0.0 6 7.75 0 1 
3.0 16 0 0.0 0.0 0.0 6 7.75 3 3 
3.0 29 1 5.0 0.0 0.0 6 12.475 0 1 
3.0 23 0 0.0 0.0 0.0 5 7.7375 0 3 
1.0 53 1 43.0 0.0 1.0 5 211.3375 2 1 
3.0 20 1 13.0 0.0 0.0 4 7.2292 0 2 
1.0 41 1 17.0 1.0 0.0 5 57.0 3 1 
1.0 22 0 29.0 0.0 0.0 6 30.0 2 1 
3.0 22 0 0.0 1.0 2.0 10 23.45 0 1 
3.0 16 0 25.0 0.0 0.0 18 7.05 0 1 
3.0 34 0 25.0 0.0 0.0 6 7.25 0 1 
3.0 25 1 18.0 0.0 0.0 7 7.4958 0 1 
3.0 25 0 8.0 4.0 1.0 6 29.125 0 3 
3.0 26 0 1.0 1.0 2.0 9 20.575 0 1 
1.0 24 0 46.0 0.0 0.0 8 79.2 7 2 
3.0 24 0 0.0 0.0 0.0 5 7.75 0 3 
2.0 19 0 16.0 0.0 0.0 6 26.0 0 1 
3.0 23 1 0.0 8.0 2.0 8 69.55 0 1 
1.0 24 0 0.0 0.0 0.0 8 30.6958 0 2 
3.0 21 0 25.0 0.0 0.0 6 7.8958 0 1 
2.0 18 0 39.0 0.0 0.0 5 13.0 0 1 
1.0 27 1 49.0 0.0 0.0 5 25.9292 3 1 
3.0 16 1 31.0 0.0 0.0 6 8.6833 0 1 
3.0 28 0 30.0 0.0 0.0 4 7.2292 0 2 
3.0 52 1 30.0 1.0 1.0 6 24.15 0 1 
2.0 20 0 34.0 0.0 0.0 6 13.0 0 1 
2.0 43 1 31.0 1.0 1.0 10 26.25 0 1 
1.0 35 0 11.0 1.0 2.0 6 120.0 7 1 
3.0 31 0 0.42 0.0 1.0 4 8.5167 0 2 
3.0 23 0 27.0 0.0 0.0 6 6.975 0 1 
3.0 25 0 31.0 0.0 0.0 6 7.775 0 1 
1.0 22 0 39.0 0.0 0.0 6 0.0 3 1 
3.0 31 1 18.0 0.0 0.0 6 7.775 0 1 
2.0 17 0 39.0 0.0 0.0 6 13.0 0 1 
1.0 46 1 33.0 1.0 0.0 6 53.1 2 1 
3.0 22 0 26.0 0.0 0.0 4 7.8875 0 1 
3.0 17 0 39.0 0.0 0.0 9 24.15 0 1 
2.0 25 0 35.0 0.0 0.0 5 10.5 0 1 
3.0 34 1 6.0 4.0 2.0 6 31.275 0 1 
3.0 26 0 30.5 0.0 0.0 6 8.05 0 1 
1.0 16 0 0.0 0.0 0.0 6 0.0 4 1 
3.0 28 1 23.0 0.0 0.0 16 7.925 0 1 
2.0 18 0 31.0 1.0 1.0 15 37.0042 0 2 
3.0 32 0 43.0 0.0 0.0 6 6.45 0 1 
3.0 28 0 10.0 3.0 2.0 6 27.9 0 1 
1.0 50 1 52.0 1.0 1.0 5 93.5 3 1 
3.0 17 0 27.0 0.0 0.0 6 8.6625 0 1 
1.0 31 0 38.0 0.0 0.0 5 0.0 0 1 
3.0 18 1 27.0 0.0 1.0 6 12.475 4 1 
3.0 28 0 2.0 4.0 1.0 7 39.6875 0 1 
3.0 15 0 0.0 0.0 0.0 6 6.95 0 3 
3.0 12 0 0.0 0.0 0.0 4 56.4958 0 1 
2.0 21 0 1.0 0.0 2.0 15 37.0042 0 2 
3.0 28 0 0.0 0.0 0.0 6 7.75 0 3 
1.0 41 1 62.0 0.0 0.0 6 80.0 3 0 
3.0 39 1 15.0 1.0 0.0 4 14.4542 0 2 
2.0 31 0 0.83 1.0 1.0 5 18.75 0 1 
3.0 14 0 0.0 0.0 0.0 4 7.2292 0 2 
3.0 22 0 23.0 0.0 0.0 6 7.8542 0 1 
3.0 22 0 18.0 0.0 0.0 4 8.3 0 1 
1.0 27 1 39.0 1.0 1.0 8 83.1583 3 2 
3.0 16 0 21.0 0.0 0.0 6 8.6625 0 1 
3.0 19 0 0.0 0.0 0.0 6 8.05 0 1 
3.0 15 0 32.0 0.0 0.0 4 56.4958 0 1 
1.0 20 0 0.0 0.0 0.0 5 29.7 3 2 
3.0 27 0 20.0 0.0 0.0 16 7.925 0 1 
2.0 24 0 16.0 0.0 0.0 11 10.5 0 1 
1.0 23 1 30.0 0.0 0.0 6 31.0 0 2 
3.0 26 0 34.5 0.0 0.0 4 6.4375 0 2 
3.0 19 0 17.0 0.0 0.0 6 8.6625 0 1 
3.0 19 0 42.0 0.0 0.0 9 7.55 0 1 
3.0 24 0 0.0 8.0 2.0 8 69.55 0 1 
3.0 18 0 35.0 0.0 0.0 6 7.8958 0 2 
2.0 17 0 28.0 0.0 1.0 6 33.0 0 1 
1.0 44 1 0.0 1.0 0.0 5 89.1042 3 2 
3.0 39 0 4.0 4.0 2.0 6 31.275 0 1 
3.0 19 0 74.0 0.0 0.0 6 7.775 0 1 
3.0 23 1 9.0 1.0 1.0 4 15.2458 0 2 
1.0 25 1 16.0 0.0 1.0 8 39.4 3 1 
2.0 45 1 44.0 1.0 0.0 6 26.0 0 1 
3.0 26 1 18.0 0.0 1.0 6 9.35 0 1 
1.0 42 1 45.0 1.0 1.0 5 164.8667 0 1 
1.0 22 0 51.0 0.0 0.0 6 26.55 3 1 
3.0 37 1 24.0 0.0 3.0 4 19.2583 0 2 
3.0 16 0 0.0 0.0 0.0 4 7.2292 0 2 
3.0 23 0 41.0 2.0 0.0 6 14.1083 0 1 
2.0 27 0 21.0 1.0 0.0 5 11.5 0 1 
1.0 51 1 48.0 0.0 0.0 5 25.9292 3 1 
3.0 33 1 0.0 8.0 2.0 8 69.55 0 1 
2.0 22 0 24.0 0.0 0.0 6 13.0 0 1 
2.0 24 1 42.0 0.0 0.0 6 13.0 0 1 
2.0 28 1 27.0 1.0 0.0 13 13.8583 0 2 
1.0 36 0 31.0 0.0 0.0 8 50.4958 3 1 
3.0 27 0 0.0 0.0 0.0 6 9.5 0 1 
3.0 31 0 4.0 1.0 1.0 6 11.1333 0 1 
3.0 17 0 26.0 0.0 0.0 6 7.8958 0 1 
1.0 48 1 47.0 1.0 1.0 5 52.5542 3 1 
1.0 24 0 33.0 0.0 0.0 3 5.0 11 1 
3.0 27 0 47.0 0.0 0.0 6 9.0 0 1 
2.0 37 1 28.0 1.0 0.0 9 24.0 0 2 
3.0 32 1 15.0 0.0 0.0 4 7.225 0 2 
3.0 29 0 20.0 0.0 0.0 4 9.8458 0 1 
3.0 20 0 19.0 0.0 0.0 6 7.8958 0 1 
3.0 18 0 0.0 0.0 0.0 6 7.8958 0 1 
1.0 45 1 56.0 0.0 1.0 5 83.1583 3 2 
2.0 44 1 25.0 0.0 1.0 6 26.0 0 1 
3.0 18 0 33.0 0.0 0.0 6 7.8958 0 1 
3.0 28 1 22.0 0.0 0.0 4 10.5167 0 1 
2.0 29 0 28.0 0.0 0.0 16 10.5 0 1 
3.0 22 0 25.0 0.0 0.0 15 7.05 0 1 
3.0 36 1 39.0 0.0 5.0 6 29.125 0 3 
2.0 21 0 27.0 0.0 0.0 6 13.0 0 1 
1.0 28 1 19.0 0.0 0.0 6 30.0 3 1 
3.0 40 1 0.0 1.0 2.0 10 23.45 0 1 
1.0 21 0 26.0 0.0 0.0 6 30.0 4 2 
3.0 19 0 32.0 0.0 0.0 6 7.75 0 3 
